<?xml version="1.0" encoding="UTF-8"?>
<testsuite xmlns:xsi="http://www.w3.org/2001/XMLSchema-instance" xsi:noNamespaceSchemaLocation="https://maven.apache.org/surefire/maven-failsafe-plugin/xsd/failsafe-test-report.xsd" name="uk.gov.ho.domain.component.api.runners.TestSuiteApi" time="0.001" tests="0" errors="0" skipped="0" failures="0">
  <properties>
    <property name="gopherProxySet" value="false"/>
    <property name="awt.toolkit" value="sun.lwawt.macosx.LWCToolkit"/>
    <property name="java.specification.version" value="10"/>
    <property name="file.encoding.pkg" value="sun.io"/>
    <property name="sun.cpu.isalist" value=""/>
    <property name="javax.net.ssl.trustStorePassword" value="changeit"/>
    <property name="sun.jnu.encoding" value="UTF-8"/>
    <property name="java.class.path" value="/Users/geethaganabathula/.m2/repository/org/apache/maven/surefire/surefire-booter/2.22.0/surefire-booter-2.22.0.jar:/Users/geethaganabathula/.m2/repository/org/apache/maven/surefire/surefire-api/2.22.0/surefire-api-2.22.0.jar:/Users/geethaganabathula/.m2/repository/org/apache/maven/surefire/surefire-logger-api/2.22.0/surefire-logger-api-2.22.0.jar:/Users/geethaganabathula/Documents/PBSAutomationTests/pbs-automation-suite/Function/target/test-classes:/Users/geethaganabathula/Documents/PBSAutomationTests/pbs-automation-suite/Function/target/pbs-automation-suite-2.0.0-SNAPSHOT.jar:/Users/geethaganabathula/.m2/repository/org/apache/maven/surefire/surefire-junit4/2.22.0/surefire-junit4-2.22.0.jar:/Users/geethaganabathula/.m2/repository/org/apache/maven/surefire/surefire-junit47/2.22.0/surefire-junit47-2.22.0.jar:/Users/geethaganabathula/.m2/repository/org/apache/maven/surefire/common-junit48/2.22.0/common-junit48-2.22.0.jar:/Users/geethaganabathula/.m2/repository/org/apache/maven/surefire/common-junit4/2.22.0/common-junit4-2.22.0.jar:/Users/geethaganabathula/.m2/repository/org/apache/maven/surefire/common-junit3/2.22.0/common-junit3-2.22.0.jar:/Users/geethaganabathula/.m2/repository/org/apache/maven/surefire/common-java5/2.22.0/common-java5-2.22.0.jar:/Users/geethaganabathula/.m2/repository/org/apache/maven/shared/maven-shared-utils/0.9/maven-shared-utils-0.9.jar:/Users/geethaganabathula/.m2/repository/org/apache/maven/surefire/surefire-grouper/2.22.0/surefire-grouper-2.22.0.jar:/Users/geethaganabathula/.m2/repository/org/slf4j/slf4j-simple/1.7.25/slf4j-simple-1.7.25.jar:/Users/geethaganabathula/.m2/repository/org/slf4j/slf4j-api/1.7.25/slf4j-api-1.7.25.jar:/Users/geethaganabathula/.m2/repository/net/serenity-bdd/serenity-core/2.0.48/serenity-core-2.0.48.jar:/Users/geethaganabathula/.m2/repository/net/bytebuddy/byte-buddy/1.9.12/byte-buddy-1.9.12.jar:/Users/geethaganabathula/.m2/repository/net/bytebuddy/byte-buddy-agent/1.9.12/byte-buddy-agent-1.9.12.jar:/Users/geethaganabathula/.m2/repository/com/google/guava/guava/25.0-jre/guava-25.0-jre.jar:/Users/geethaganabathula/.m2/repository/com/google/code/findbugs/jsr305/1.3.9/jsr305-1.3.9.jar:/Users/geethaganabathula/.m2/repository/org/checkerframework/checker-compat-qual/2.0.0/checker-compat-qual-2.0.0.jar:/Users/geethaganabathula/.m2/repository/com/google/errorprone/error_prone_annotations/2.1.3/error_prone_annotations-2.1.3.jar:/Users/geethaganabathula/.m2/repository/com/google/j2objc/j2objc-annotations/1.1/j2objc-annotations-1.1.jar:/Users/geethaganabathula/.m2/repository/org/codehaus/mojo/animal-sniffer-annotations/1.14/animal-sniffer-annotations-1.14.jar:/Users/geethaganabathula/.m2/repository/com/google/inject/guice/4.2.2/guice-4.2.2.jar:/Users/geethaganabathula/.m2/repository/javax/inject/javax.inject/1/javax.inject-1.jar:/Users/geethaganabathula/.m2/repository/aopalliance/aopalliance/1.0/aopalliance-1.0.jar:/Users/geethaganabathula/.m2/repository/cglib/cglib/3.2.5/cglib-3.2.5.jar:/Users/geethaganabathula/.m2/repository/org/ow2/asm/asm/5.0.3/asm-5.0.3.jar:/Users/geethaganabathula/.m2/repository/commons-codec/commons-codec/1.10/commons-codec-1.10.jar:/Users/geethaganabathula/.m2/repository/org/objenesis/objenesis/2.6/objenesis-2.6.jar:/Users/geethaganabathula/.m2/repository/xml-apis/xml-apis/1.4.01/xml-apis-1.4.01.jar:/Users/geethaganabathula/.m2/repository/io/cucumber/cucumber-core/2.4.0/cucumber-core-2.4.0.jar:/Users/geethaganabathula/.m2/repository/info/cukes/cucumber-html/0.2.6/cucumber-html-0.2.6.jar:/Users/geethaganabathula/.m2/repository/io/cucumber/cucumber-jvm-deps/1.0.6/cucumber-jvm-deps-1.0.6.jar:/Users/geethaganabathula/.m2/repository/io/cucumber/gherkin/5.0.0/gherkin-5.0.0.jar:/Users/geethaganabathula/.m2/repository/io/cucumber/tag-expressions/1.1.1/tag-expressions-1.1.1.jar:/Users/geethaganabathula/.m2/repository/commons-logging/commons-logging/1.2/commons-logging-1.2.jar:/Users/geethaganabathula/.m2/repository/io/vavr/vavr/0.9.0/vavr-0.9.0.jar:/Users/geethaganabathula/.m2/repository/io/vavr/vavr-match/0.9.0/vavr-match-0.9.0.jar:/Users/geethaganabathula/.m2/repository/javax/xml/bind/jaxb-api/2.2.12/jaxb-api-2.2.12.jar:/Users/geethaganabathula/.m2/repository/com/sun/xml/bind/jaxb-core/2.3.0.1/jaxb-core-2.3.0.1.jar:/Users/geethaganabathula/.m2/repository/com/sun/xml/bind/jaxb-impl/2.3.0.1/jaxb-impl-2.3.0.1.jar:/Users/geethaganabathula/.m2/repository/javax/activation/activation/1.1.1/activation-1.1.1.jar:/Users/geethaganabathula/.m2/repository/org/mockito/mockito-core/2.25.0/mockito-core-2.25.0.jar:/Users/geethaganabathula/.m2/repository/net/serenity-bdd/serenity-report-resources/2.0.48/serenity-report-resources-2.0.48.jar:/Users/geethaganabathula/.m2/repository/net/serenity-bdd/serenity-model/2.0.48/serenity-model-2.0.48.jar:/Users/geethaganabathula/.m2/repository/org/apache/commons/commons-text/1.6/commons-text-1.6.jar:/Users/geethaganabathula/.m2/repository/net/serenity-bdd/serenity-reports/2.0.48/serenity-reports-2.0.48.jar:/Users/geethaganabathula/.m2/repository/net/serenity-bdd/serenity-stats/2.0.48/serenity-stats-2.0.48.jar:/Users/geethaganabathula/.m2/repository/org/jetbrains/kotlin/kotlin-stdlib/1.2.51/kotlin-stdlib-1.2.51.jar:/Users/geethaganabathula/.m2/repository/org/jetbrains/kotlin/kotlin-stdlib-common/1.2.51/kotlin-stdlib-common-1.2.51.jar:/Users/geethaganabathula/.m2/repository/org/jetbrains/annotations/13.0/annotations-13.0.jar:/Users/geethaganabathula/.m2/repository/com/google/code/gson/gson/2.8.4/gson-2.8.4.jar:/Users/geethaganabathula/.m2/repository/commons-io/commons-io/2.6/commons-io-2.6.jar:/Users/geethaganabathula/.m2/repository/org/seleniumhq/selenium/selenium-server/3.141.59/selenium-server-3.141.59.jar:/Users/geethaganabathula/.m2/repository/org/seleniumhq/selenium/selenium-firefox-driver/3.141.59/selenium-firefox-driver-3.141.59.jar:/Users/geethaganabathula/.m2/repository/org/seleniumhq/selenium/selenium-ie-driver/3.141.59/selenium-ie-driver-3.141.59.jar:/Users/geethaganabathula/.m2/repository/com/beust/jcommander/1.72/jcommander-1.72.jar:/Users/geethaganabathula/.m2/repository/org/apache/commons/commons-exec/1.3/commons-exec-1.3.jar:/Users/geethaganabathula/.m2/repository/net/jcip/jcip-annotations/1.0/jcip-annotations-1.0.jar:/Users/geethaganabathula/.m2/repository/org/seleniumhq/selenium/jetty-repacked/9.4.12.v20180830/jetty-repacked-9.4.12.v20180830.jar:/Users/geethaganabathula/.m2/repository/com/squareup/okhttp3/okhttp/3.11.0/okhttp-3.11.0.jar:/Users/geethaganabathula/.m2/repository/com/squareup/okio/okio/1.14.0/okio-1.14.0.jar:/Users/geethaganabathula/.m2/repository/javax/servlet/javax.servlet-api/3.1.0/javax.servlet-api-3.1.0.jar:/Users/geethaganabathula/.m2/repository/org/yaml/snakeyaml/1.19/snakeyaml-1.19.jar:/Users/geethaganabathula/.m2/repository/org/seleniumhq/selenium/selenium-java/3.141.59/selenium-java-3.141.59.jar:/Users/geethaganabathula/.m2/repository/org/seleniumhq/selenium/selenium-api/3.141.59/selenium-api-3.141.59.jar:/Users/geethaganabathula/.m2/repository/org/seleniumhq/selenium/selenium-chrome-driver/3.141.59/selenium-chrome-driver-3.141.59.jar:/Users/geethaganabathula/.m2/repository/org/seleniumhq/selenium/selenium-edge-driver/3.141.59/selenium-edge-driver-3.141.59.jar:/Users/geethaganabathula/.m2/repository/org/seleniumhq/selenium/selenium-remote-driver/3.141.59/selenium-remote-driver-3.141.59.jar:/Users/geethaganabathula/.m2/repository/org/seleniumhq/selenium/selenium-safari-driver/3.141.59/selenium-safari-driver-3.141.59.jar:/Users/geethaganabathula/.m2/repository/org/seleniumhq/selenium/selenium-opera-driver/3.141.59/selenium-opera-driver-3.141.59.jar:/Users/geethaganabathula/.m2/repository/org/seleniumhq/selenium/selenium-support/3.141.59/selenium-support-3.141.59.jar:/Users/geethaganabathula/.m2/repository/com/paulhammant/ngwebdriver/1.1.4/ngwebdriver-1.1.4.jar:/Users/geethaganabathula/.m2/repository/com/codeborne/phantomjsdriver/1.4.4/phantomjsdriver-1.4.4.jar:/Users/geethaganabathula/.m2/repository/org/eclipse/jetty/jetty-util/9.4.8.v20171121/jetty-util-9.4.8.v20171121.jar:/Users/geethaganabathula/.m2/repository/org/eclipse/jetty/jetty-io/9.4.8.v20171121/jetty-io-9.4.8.v20171121.jar:/Users/geethaganabathula/.m2/repository/org/seleniumhq/selenium/htmlunit-driver/2.33.1/htmlunit-driver-2.33.1.jar:/Users/geethaganabathula/.m2/repository/io/appium/java-client/6.1.0/java-client-6.1.0.jar:/Users/geethaganabathula/.m2/repository/commons-validator/commons-validator/1.6/commons-validator-1.6.jar:/Users/geethaganabathula/.m2/repository/commons-digester/commons-digester/1.8.1/commons-digester-1.8.1.jar:/Users/geethaganabathula/.m2/repository/org/springframework/spring-context/5.0.5.RELEASE/spring-context-5.0.5.RELEASE.jar:/Users/geethaganabathula/.m2/repository/org/springframework/spring-aop/5.0.5.RELEASE/spring-aop-5.0.5.RELEASE.jar:/Users/geethaganabathula/.m2/repository/org/springframework/spring-expression/5.0.5.RELEASE/spring-expression-5.0.5.RELEASE.jar:/Users/geethaganabathula/.m2/repository/org/aspectj/aspectjweaver/1.9.1/aspectjweaver-1.9.1.jar:/Users/geethaganabathula/.m2/repository/org/openpnp/opencv/3.2.0-1/opencv-3.2.0-1.jar:/Users/geethaganabathula/.m2/repository/org/glassfish/tyrus/tyrus-core/1.13.1/tyrus-core-1.13.1.jar:/Users/geethaganabathula/.m2/repository/org/glassfish/tyrus/tyrus-spi/1.13.1/tyrus-spi-1.13.1.jar:/Users/geethaganabathula/.m2/repository/javax/websocket/javax.websocket-api/1.1/javax.websocket-api-1.1.jar:/Users/geethaganabathula/.m2/repository/org/codehaus/groovy/groovy/2.5.5/groovy-2.5.5.jar:/Users/geethaganabathula/.m2/repository/net/sf/opencsv/opencsv/2.0/opencsv-2.0.jar:/Users/geethaganabathula/.m2/repository/commons-beanutils/commons-beanutils-core/1.8.3/commons-beanutils-core-1.8.3.jar:/Users/geethaganabathula/.m2/repository/joda-time/joda-time/2.7/joda-time-2.7.jar:/Users/geethaganabathula/.m2/repository/com/thoughtworks/xstream/xstream/1.4.9/xstream-1.4.9.jar:/Users/geethaganabathula/.m2/repository/org/apache/commons/commons-lang3/3.8.1/commons-lang3-3.8.1.jar:/Users/geethaganabathula/.m2/repository/commons-collections/commons-collections/3.2.2/commons-collections-3.2.2.jar:/Users/geethaganabathula/.m2/repository/org/freemarker/freemarker/2.3.28/freemarker-2.3.28.jar:/Users/geethaganabathula/.m2/repository/net/sourceforge/jexcelapi/jxl/2.6.12/jxl-2.6.12.jar:/Users/geethaganabathula/.m2/repository/org/hamcrest/hamcrest-core/1.3/hamcrest-core-1.3.jar:/Users/geethaganabathula/.m2/repository/org/hamcrest/hamcrest-library/1.3/hamcrest-library-1.3.jar:/Users/geethaganabathula/.m2/repository/net/sourceforge/htmlunit/htmlunit/2.33/htmlunit-2.33.jar:/Users/geethaganabathula/.m2/repository/net/sourceforge/htmlunit/htmlunit-core-js/2.33/htmlunit-core-js-2.33.jar:/Users/geethaganabathula/.m2/repository/net/sourceforge/htmlunit/neko-htmlunit/2.33/neko-htmlunit-2.33.jar:/Users/geethaganabathula/.m2/repository/net/sourceforge/htmlunit/htmlunit-cssparser/1.2.0/htmlunit-cssparser-1.2.0.jar:/Users/geethaganabathula/.m2/repository/org/eclipse/jetty/websocket/websocket-client/9.4.12.v20180830/websocket-client-9.4.12.v20180830.jar:/Users/geethaganabathula/.m2/repository/org/eclipse/jetty/jetty-client/9.4.12.v20180830/jetty-client-9.4.12.v20180830.jar:/Users/geethaganabathula/.m2/repository/org/eclipse/jetty/jetty-http/9.4.12.v20180830/jetty-http-9.4.12.v20180830.jar:/Users/geethaganabathula/.m2/repository/org/eclipse/jetty/jetty-xml/9.4.12.v20180830/jetty-xml-9.4.12.v20180830.jar:/Users/geethaganabathula/.m2/repository/org/eclipse/jetty/websocket/websocket-common/9.4.12.v20180830/websocket-common-9.4.12.v20180830.jar:/Users/geethaganabathula/.m2/repository/org/eclipse/jetty/websocket/websocket-api/9.4.12.v20180830/websocket-api-9.4.12.v20180830.jar:/Users/geethaganabathula/.m2/repository/org/apache/httpcomponents/httpclient/4.5.5/httpclient-4.5.5.jar:/Users/geethaganabathula/.m2/repository/org/apache/httpcomponents/httpmime/4.5.5/httpmime-4.5.5.jar:/Users/geethaganabathula/.m2/repository/org/fluentlenium/fluentlenium-core/0.10.2/fluentlenium-core-0.10.2.jar:/Users/geethaganabathula/.m2/repository/com/jhlabs/filters/2.0.235/filters-2.0.235.jar:/Users/geethaganabathula/.m2/repository/org/asciidoctor/asciidoctorj/1.5.6/asciidoctorj-1.5.6.jar:/Users/geethaganabathula/.m2/repository/org/jruby/jruby-complete/1.7.26/jruby-complete-1.7.26.jar:/Users/geethaganabathula/.m2/repository/org/imgscalr/imgscalr-lib/4.2/imgscalr-lib-4.2.jar:/Users/geethaganabathula/.m2/repository/javax/el/javax.el-api/2.2.4/javax.el-api-2.2.4.jar:/Users/geethaganabathula/.m2/repository/org/glassfish/web/javax.el/2.2.4/javax.el-2.2.4.jar:/Users/geethaganabathula/.m2/repository/xalan/xalan/2.7.2/xalan-2.7.2.jar:/Users/geethaganabathula/.m2/repository/xalan/serializer/2.7.2/serializer-2.7.2.jar:/Users/geethaganabathula/.m2/repository/org/awaitility/awaitility/3.1.0/awaitility-3.1.0.jar:/Users/geethaganabathula/.m2/repository/com/typesafe/config/1.3.1/config-1.3.1.jar:/Users/geethaganabathula/.m2/repository/org/jsoup/jsoup/1.10.3/jsoup-1.10.3.jar:/Users/geethaganabathula/.m2/repository/com/google/jimfs/jimfs/1.1/jimfs-1.1.jar:/Users/geethaganabathula/.m2/repository/es/nitaur/markdown/txtmark/0.16/txtmark-0.16.jar:/Users/geethaganabathula/.m2/repository/com/vladsch/flexmark/flexmark-all/0.34.30/flexmark-all-0.34.30.jar:/Users/geethaganabathula/.m2/repository/com/vladsch/flexmark/flexmark/0.34.30/flexmark-0.34.30.jar:/Users/geethaganabathula/.m2/repository/com/vladsch/flexmark/flexmark-ext-abbreviation/0.34.30/flexmark-ext-abbreviation-0.34.30.jar:/Users/geethaganabathula/.m2/repository/com/vladsch/flexmark/flexmark-ext-admonition/0.34.30/flexmark-ext-admonition-0.34.30.jar:/Users/geethaganabathula/.m2/repository/com/vladsch/flexmark/flexmark-ext-anchorlink/0.34.30/flexmark-ext-anchorlink-0.34.30.jar:/Users/geethaganabathula/.m2/repository/com/vladsch/flexmark/flexmark-ext-aside/0.34.30/flexmark-ext-aside-0.34.30.jar:/Users/geethaganabathula/.m2/repository/com/vladsch/flexmark/flexmark-ext-attributes/0.34.30/flexmark-ext-attributes-0.34.30.jar:/Users/geethaganabathula/.m2/repository/com/vladsch/flexmark/flexmark-ext-autolink/0.34.30/flexmark-ext-autolink-0.34.30.jar:/Users/geethaganabathula/.m2/repository/org/nibor/autolink/autolink/0.6.0/autolink-0.6.0.jar:/Users/geethaganabathula/.m2/repository/com/vladsch/flexmark/flexmark-ext-definition/0.34.30/flexmark-ext-definition-0.34.30.jar:/Users/geethaganabathula/.m2/repository/com/vladsch/flexmark/flexmark-ext-emoji/0.34.30/flexmark-ext-emoji-0.34.30.jar:/Users/geethaganabathula/.m2/repository/com/vladsch/flexmark/flexmark-ext-enumerated-reference/0.34.30/flexmark-ext-enumerated-reference-0.34.30.jar:/Users/geethaganabathula/.m2/repository/com/vladsch/flexmark/flexmark-ext-escaped-character/0.34.30/flexmark-ext-escaped-character-0.34.30.jar:/Users/geethaganabathula/.m2/repository/com/vladsch/flexmark/flexmark-ext-footnotes/0.34.30/flexmark-ext-footnotes-0.34.30.jar:/Users/geethaganabathula/.m2/repository/com/vladsch/flexmark/flexmark-ext-gfm-issues/0.34.30/flexmark-ext-gfm-issues-0.34.30.jar:/Users/geethaganabathula/.m2/repository/com/vladsch/flexmark/flexmark-ext-gfm-strikethrough/0.34.30/flexmark-ext-gfm-strikethrough-0.34.30.jar:/Users/geethaganabathula/.m2/repository/com/vladsch/flexmark/flexmark-ext-gfm-tables/0.34.30/flexmark-ext-gfm-tables-0.34.30.jar:/Users/geethaganabathula/.m2/repository/com/vladsch/flexmark/flexmark-ext-gfm-tasklist/0.34.30/flexmark-ext-gfm-tasklist-0.34.30.jar:/Users/geethaganabathula/.m2/repository/com/vladsch/flexmark/flexmark-ext-gfm-users/0.34.30/flexmark-ext-gfm-users-0.34.30.jar:/Users/geethaganabathula/.m2/repository/com/vladsch/flexmark/flexmark-ext-gitlab/0.34.30/flexmark-ext-gitlab-0.34.30.jar:/Users/geethaganabathula/.m2/repository/com/vladsch/flexmark/flexmark-ext-jekyll-front-matter/0.34.30/flexmark-ext-jekyll-front-matter-0.34.30.jar:/Users/geethaganabathula/.m2/repository/com/vladsch/flexmark/flexmark-ext-jekyll-tag/0.34.30/flexmark-ext-jekyll-tag-0.34.30.jar:/Users/geethaganabathula/.m2/repository/com/vladsch/flexmark/flexmark-ext-media-tags/0.34.30/flexmark-ext-media-tags-0.34.30.jar:/Users/geethaganabathula/.m2/repository/com/vladsch/flexmark/flexmark-test-util/0.34.30/flexmark-test-util-0.34.30.jar:/Users/geethaganabathula/.m2/repository/com/vladsch/flexmark/flexmark-ext-ins/0.34.30/flexmark-ext-ins-0.34.30.jar:/Users/geethaganabathula/.m2/repository/com/vladsch/flexmark/flexmark-ext-xwiki-macros/0.34.30/flexmark-ext-xwiki-macros-0.34.30.jar:/Users/geethaganabathula/.m2/repository/com/vladsch/flexmark/flexmark-ext-superscript/0.34.30/flexmark-ext-superscript-0.34.30.jar:/Users/geethaganabathula/.m2/repository/com/vladsch/flexmark/flexmark-ext-tables/0.34.30/flexmark-ext-tables-0.34.30.jar:/Users/geethaganabathula/.m2/repository/com/vladsch/flexmark/flexmark-ext-toc/0.34.30/flexmark-ext-toc-0.34.30.jar:/Users/geethaganabathula/.m2/repository/com/vladsch/flexmark/flexmark-ext-typographic/0.34.30/flexmark-ext-typographic-0.34.30.jar:/Users/geethaganabathula/.m2/repository/com/vladsch/flexmark/flexmark-ext-wikilink/0.34.30/flexmark-ext-wikilink-0.34.30.jar:/Users/geethaganabathula/.m2/repository/com/vladsch/flexmark/flexmark-ext-yaml-front-matter/0.34.30/flexmark-ext-yaml-front-matter-0.34.30.jar:/Users/geethaganabathula/.m2/repository/com/vladsch/flexmark/flexmark-ext-youtube-embedded/0.34.30/flexmark-ext-youtube-embedded-0.34.30.jar:/Users/geethaganabathula/.m2/repository/com/vladsch/flexmark/flexmark-formatter/0.34.30/flexmark-formatter-0.34.30.jar:/Users/geethaganabathula/.m2/repository/com/vladsch/flexmark/flexmark-html-parser/0.34.30/flexmark-html-parser-0.34.30.jar:/Users/geethaganabathula/.m2/repository/com/vladsch/flexmark/flexmark-jira-converter/0.34.30/flexmark-jira-converter-0.34.30.jar:/Users/geethaganabathula/.m2/repository/com/vladsch/flexmark/flexmark-pdf-converter/0.34.30/flexmark-pdf-converter-0.34.30.jar:/Users/geethaganabathula/.m2/repository/com/openhtmltopdf/openhtmltopdf-core/0.0.1-RC13/openhtmltopdf-core-0.0.1-RC13.jar:/Users/geethaganabathula/.m2/repository/com/openhtmltopdf/openhtmltopdf-pdfbox/0.0.1-RC13/openhtmltopdf-pdfbox-0.0.1-RC13.jar:/Users/geethaganabathula/.m2/repository/org/apache/pdfbox/xmpbox/2.0.8/xmpbox-2.0.8.jar:/Users/geethaganabathula/.m2/repository/de/rototor/pdfbox/graphics2d/0.12/graphics2d-0.12.jar:/Users/geethaganabathula/.m2/repository/com/openhtmltopdf/openhtmltopdf-rtl-support/0.0.1-RC13/openhtmltopdf-rtl-support-0.0.1-RC13.jar:/Users/geethaganabathula/.m2/repository/com/ibm/icu/icu4j/59.1/icu4j-59.1.jar:/Users/geethaganabathula/.m2/repository/com/openhtmltopdf/openhtmltopdf-jsoup-dom-converter/0.0.1-RC13/openhtmltopdf-jsoup-dom-converter-0.0.1-RC13.jar:/Users/geethaganabathula/.m2/repository/com/vladsch/flexmark/flexmark-profile-pegdown/0.34.30/flexmark-profile-pegdown-0.34.30.jar:/Users/geethaganabathula/.m2/repository/com/vladsch/flexmark/flexmark-util/0.34.30/flexmark-util-0.34.30.jar:/Users/geethaganabathula/.m2/repository/com/vladsch/flexmark/flexmark-youtrack-converter/0.34.30/flexmark-youtrack-converter-0.34.30.jar:/Users/geethaganabathula/.m2/repository/net/serenity-bdd/serenity-junit/2.0.48/serenity-junit-2.0.48.jar:/Users/geethaganabathula/.m2/repository/net/serenity-bdd/serenity-rest-assured/2.0.48/serenity-rest-assured-2.0.48.jar:/Users/geethaganabathula/.m2/repository/io/rest-assured/rest-assured/3.3.0/rest-assured-3.3.0.jar:/Users/geethaganabathula/.m2/repository/org/ccil/cowan/tagsoup/tagsoup/1.2.1/tagsoup-1.2.1.jar:/Users/geethaganabathula/.m2/repository/io/rest-assured/json-path/3.3.0/json-path-3.3.0.jar:/Users/geethaganabathula/.m2/repository/io/rest-assured/rest-assured-common/3.3.0/rest-assured-common-3.3.0.jar:/Users/geethaganabathula/.m2/repository/io/rest-assured/xml-path/3.3.0/xml-path-3.3.0.jar:/Users/geethaganabathula/.m2/repository/com/sun/xml/bind/jaxb-osgi/2.2.10/jaxb-osgi-2.2.10.jar:/Users/geethaganabathula/.m2/repository/org/apache/sling/org.apache.sling.javax.activation/0.1.0/org.apache.sling.javax.activation-0.1.0.jar:/Users/geethaganabathula/.m2/repository/org/codehaus/groovy/groovy-xml/2.5.5/groovy-xml-2.5.5.jar:/Users/geethaganabathula/.m2/repository/org/codehaus/groovy/groovy-json/2.5.5/groovy-json-2.5.5.jar:/Users/geethaganabathula/.m2/repository/net/serenity-bdd/serenity-cucumber/1.9.37/serenity-cucumber-1.9.37.jar:/Users/geethaganabathula/.m2/repository/net/serenity-bdd/serenity-screenplay/2.0.48/serenity-screenplay-2.0.48.jar:/Users/geethaganabathula/.m2/repository/uk/com/robust-it/cloning/1.9.10/cloning-1.9.10.jar:/Users/geethaganabathula/.m2/repository/net/serenity-bdd/serenity-screenplay-webdriver/2.0.48/serenity-screenplay-webdriver-2.0.48.jar:/Users/geethaganabathula/.m2/repository/io/cucumber/cucumber-java/2.4.0/cucumber-java-2.4.0.jar:/Users/geethaganabathula/.m2/repository/io/cucumber/cucumber-junit/2.4.0/cucumber-junit-2.4.0.jar:/Users/geethaganabathula/.m2/repository/org/apache/commons/commons-csv/1.5/commons-csv-1.5.jar:/Users/geethaganabathula/.m2/repository/junit/junit/4.12/junit-4.12.jar:/Users/geethaganabathula/.m2/repository/org/assertj/assertj-core/3.9.1/assertj-core-3.9.1.jar:/Users/geethaganabathula/.m2/repository/org/hamcrest/hamcrest-all/1.3/hamcrest-all-1.3.jar:/Users/geethaganabathula/.m2/repository/org/apache/logging/log4j/log4j-core/2.11.0/log4j-core-2.11.0.jar:/Users/geethaganabathula/.m2/repository/org/apache/logging/log4j/log4j-api/2.11.0/log4j-api-2.11.0.jar:/Users/geethaganabathula/.m2/repository/org/apache/jmeter/ApacheJMeter_core/3.3/ApacheJMeter_core-3.3.jar:/Users/geethaganabathula/.m2/repository/org/apache/jmeter/jorphan/3.3/jorphan-3.3.jar:/Users/geethaganabathula/.m2/repository/net/minidev/accessors-smart/1.2/accessors-smart-1.2.jar:/Users/geethaganabathula/.m2/repository/bsf/bsf/2.4.0/bsf-2.4.0.jar:/Users/geethaganabathula/.m2/repository/org/beanshell/bsh/2.0b5/bsh-2.0b5.jar:/Users/geethaganabathula/.m2/repository/org/bouncycastle/bcmail-jdk15on/1.49/bcmail-jdk15on-1.49.jar:/Users/geethaganabathula/.m2/repository/org/bouncycastle/bcprov-jdk15on/1.49/bcprov-jdk15on-1.49.jar:/Users/geethaganabathula/.m2/repository/org/bouncycastle/bcpkix-jdk15on/1.49/bcpkix-jdk15on-1.49.jar:/Users/geethaganabathula/.m2/repository/org/brotli/dec/0.1.2/dec-0.1.2.jar:/Users/geethaganabathula/.m2/repository/com/github/ben-manes/caffeine/caffeine/2.5.5/caffeine-2.5.5.jar:/Users/geethaganabathula/.m2/repository/org/apache/commons/commons-dbcp2/2.1.1/commons-dbcp2-2.1.1.jar:/Users/geethaganabathula/.m2/repository/org/apache/commons/commons-jexl/2.1.1/commons-jexl-2.1.1.jar:/Users/geethaganabathula/.m2/repository/org/apache/commons/commons-jexl3/3.1/commons-jexl3-3.1.jar:/Users/geethaganabathula/.m2/repository/org/apache/commons/commons-math3/3.6.1/commons-math3-3.6.1.jar:/Users/geethaganabathula/.m2/repository/commons-net/commons-net/3.6/commons-net-3.6.jar:/Users/geethaganabathula/.m2/repository/org/apache/commons/commons-pool2/2.4.2/commons-pool2-2.4.2.jar:/Users/geethaganabathula/.m2/repository/dnsjava/dnsjava/2.1.8/dnsjava-2.1.8.jar:/Users/geethaganabathula/.m2/repository/org/codehaus/groovy/groovy-all/2.4.12/groovy-all-2.4.12.jar:/Users/geethaganabathula/.m2/repository/org/apache/httpcomponents/httpasyncclient/4.1.3/httpasyncclient-4.1.3.jar:/Users/geethaganabathula/.m2/repository/org/apache/httpcomponents/httpcore/4.4.7/httpcore-4.4.7.jar:/Users/geethaganabathula/.m2/repository/org/apache/httpcomponents/httpcore-nio/4.4.7/httpcore-nio-4.4.7.jar:/Users/geethaganabathula/.m2/repository/oro/oro/2.0.8/oro-2.0.8.jar:/Users/geethaganabathula/.m2/repository/jcharts/jcharts/0.7.5/jcharts-0.7.5.jar:/Users/geethaganabathula/.m2/repository/org/mozilla/rhino/1.7.7.1/rhino-1.7.7.1.jar:/Users/geethaganabathula/.m2/repository/net/sf/jtidy/jtidy/r938/jtidy-r938.jar:/Users/geethaganabathula/.m2/repository/org/apache/tika/tika-core/1.16/tika-core-1.16.jar:/Users/geethaganabathula/.m2/repository/org/apache/tika/tika-parsers/1.16/tika-parsers-1.16.jar:/Users/geethaganabathula/.m2/repository/org/gagravarr/vorbis-java-tika/0.8/vorbis-java-tika-0.8.jar:/Users/geethaganabathula/.m2/repository/com/healthmarketscience/jackcess/jackcess/2.1.8/jackcess-2.1.8.jar:/Users/geethaganabathula/.m2/repository/com/healthmarketscience/jackcess/jackcess-encrypt/2.1.2/jackcess-encrypt-2.1.2.jar:/Users/geethaganabathula/.m2/repository/org/tallison/jmatio/1.2/jmatio-1.2.jar:/Users/geethaganabathula/.m2/repository/org/apache/james/apache-mime4j-core/0.8.1/apache-mime4j-core-0.8.1.jar:/Users/geethaganabathula/.m2/repository/org/apache/james/apache-mime4j-dom/0.8.1/apache-mime4j-dom-0.8.1.jar:/Users/geethaganabathula/.m2/repository/org/apache/commons/commons-compress/1.14/commons-compress-1.14.jar:/Users/geethaganabathula/.m2/repository/org/tukaani/xz/1.6/xz-1.6.jar:/Users/geethaganabathula/.m2/repository/org/apache/pdfbox/pdfbox/2.0.6/pdfbox-2.0.6.jar:/Users/geethaganabathula/.m2/repository/org/apache/pdfbox/fontbox/2.0.6/fontbox-2.0.6.jar:/Users/geethaganabathula/.m2/repository/org/apache/pdfbox/pdfbox-tools/2.0.6/pdfbox-tools-2.0.6.jar:/Users/geethaganabathula/.m2/repository/org/apache/pdfbox/pdfbox-debugger/2.0.6/pdfbox-debugger-2.0.6.jar:/Users/geethaganabathula/.m2/repository/org/apache/pdfbox/jempbox/1.8.13/jempbox-1.8.13.jar:/Users/geethaganabathula/.m2/repository/org/apache/poi/poi/3.17-beta1/poi-3.17-beta1.jar:/Users/geethaganabathula/.m2/repository/org/apache/commons/commons-collections4/4.1/commons-collections4-4.1.jar:/Users/geethaganabathula/.m2/repository/org/apache/poi/poi-scratchpad/3.17-beta1/poi-scratchpad-3.17-beta1.jar:/Users/geethaganabathula/.m2/repository/org/apache/poi/poi-ooxml/3.17-beta1/poi-ooxml-3.17-beta1.jar:/Users/geethaganabathula/.m2/repository/org/apache/poi/poi-ooxml-schemas/3.17-beta1/poi-ooxml-schemas-3.17-beta1.jar:/Users/geethaganabathula/.m2/repository/org/apache/xmlbeans/xmlbeans/2.6.0/xmlbeans-2.6.0.jar:/Users/geethaganabathula/.m2/repository/com/github/virtuald/curvesapi/1.04/curvesapi-1.04.jar:/Users/geethaganabathula/.m2/repository/com/googlecode/mp4parser/isoparser/1.1.18/isoparser-1.1.18.jar:/Users/geethaganabathula/.m2/repository/com/drewnoakes/metadata-extractor/2.9.1/metadata-extractor-2.9.1.jar:/Users/geethaganabathula/.m2/repository/com/adobe/xmp/xmpcore/5.1.2/xmpcore-5.1.2.jar:/Users/geethaganabathula/.m2/repository/de/l3s/boilerpipe/boilerpipe/1.1.0/boilerpipe-1.1.0.jar:/Users/geethaganabathula/.m2/repository/com/rometools/rome/1.5.1/rome-1.5.1.jar:/Users/geethaganabathula/.m2/repository/com/rometools/rome-utils/1.5.1/rome-utils-1.5.1.jar:/Users/geethaganabathula/.m2/repository/org/gagravarr/vorbis-java-core/0.8/vorbis-java-core-0.8.jar:/Users/geethaganabathula/.m2/repository/com/googlecode/juniversalchardet/juniversalchardet/1.0.3/juniversalchardet-1.0.3.jar:/Users/geethaganabathula/.m2/repository/org/codelibs/jhighlight/1.0.2/jhighlight-1.0.2.jar:/Users/geethaganabathula/.m2/repository/com/pff/java-libpst/0.8.1/java-libpst-0.8.1.jar:/Users/geethaganabathula/.m2/repository/com/github/junrar/junrar/0.7/junrar-0.7.jar:/Users/geethaganabathula/.m2/repository/org/apache/commons/commons-vfs2/2.0/commons-vfs2-2.0.jar:/Users/geethaganabathula/.m2/repository/org/apache/maven/scm/maven-scm-api/1.4/maven-scm-api-1.4.jar:/Users/geethaganabathula/.m2/repository/org/codehaus/plexus/plexus-utils/1.5.6/plexus-utils-1.5.6.jar:/Users/geethaganabathula/.m2/repository/org/apache/maven/scm/maven-scm-provider-svnexe/1.4/maven-scm-provider-svnexe-1.4.jar:/Users/geethaganabathula/.m2/repository/org/apache/maven/scm/maven-scm-provider-svn-commons/1.4/maven-scm-provider-svn-commons-1.4.jar:/Users/geethaganabathula/.m2/repository/regexp/regexp/1.3/regexp-1.3.jar:/Users/geethaganabathula/.m2/repository/org/apache/cxf/cxf-rt-rs-client/3.0.12/cxf-rt-rs-client-3.0.12.jar:/Users/geethaganabathula/.m2/repository/org/apache/cxf/cxf-rt-transports-http/3.0.12/cxf-rt-transports-http-3.0.12.jar:/Users/geethaganabathula/.m2/repository/org/apache/cxf/cxf-core/3.0.12/cxf-core-3.0.12.jar:/Users/geethaganabathula/.m2/repository/org/codehaus/woodstox/woodstox-core-asl/4.4.1/woodstox-core-asl-4.4.1.jar:/Users/geethaganabathula/.m2/repository/org/codehaus/woodstox/stax2-api/3.1.4/stax2-api-3.1.4.jar:/Users/geethaganabathula/.m2/repository/org/apache/ws/xmlschema/xmlschema-core/2.2.1/xmlschema-core-2.2.1.jar:/Users/geethaganabathula/.m2/repository/org/apache/cxf/cxf-rt-frontend-jaxrs/3.0.12/cxf-rt-frontend-jaxrs-3.0.12.jar:/Users/geethaganabathula/.m2/repository/javax/ws/rs/javax.ws.rs-api/2.0.1/javax.ws.rs-api-2.0.1.jar:/Users/geethaganabathula/.m2/repository/javax/annotation/javax.annotation-api/1.2/javax.annotation-api-1.2.jar:/Users/geethaganabathula/.m2/repository/org/apache/opennlp/opennlp-tools/1.6.0/opennlp-tools-1.6.0.jar:/Users/geethaganabathula/.m2/repository/com/googlecode/json-simple/json-simple/1.1.1/json-simple-1.1.1.jar:/Users/geethaganabathula/.m2/repository/com/tdunning/json/1.8/json-1.8.jar:/Users/geethaganabathula/.m2/repository/org/slf4j/jul-to-slf4j/1.7.24/jul-to-slf4j-1.7.24.jar:/Users/geethaganabathula/.m2/repository/edu/ucar/netcdf4/4.5.5/netcdf4-4.5.5.jar:/Users/geethaganabathula/.m2/repository/net/java/dev/jna/jna/4.1.0/jna-4.1.0.jar:/Users/geethaganabathula/.m2/repository/edu/ucar/grib/4.5.5/grib-4.5.5.jar:/Users/geethaganabathula/.m2/repository/com/google/protobuf/protobuf-java/2.5.0/protobuf-java-2.5.0.jar:/Users/geethaganabathula/.m2/repository/org/jdom/jdom2/2.0.4/jdom2-2.0.4.jar:/Users/geethaganabathula/.m2/repository/org/itadaki/bzip2/0.9.1/bzip2-0.9.1.jar:/Users/geethaganabathula/.m2/repository/edu/ucar/cdm/4.5.5/cdm-4.5.5.jar:/Users/geethaganabathula/.m2/repository/edu/ucar/udunits/4.5.5/udunits-4.5.5.jar:/Users/geethaganabathula/.m2/repository/org/quartz-scheduler/quartz/2.2.0/quartz-2.2.0.jar:/Users/geethaganabathula/.m2/repository/c3p0/c3p0/0.9.1.1/c3p0-0.9.1.1.jar:/Users/geethaganabathula/.m2/repository/net/sf/ehcache/ehcache-core/2.6.2/ehcache-core-2.6.2.jar:/Users/geethaganabathula/.m2/repository/edu/ucar/httpservices/4.5.5/httpservices-4.5.5.jar:/Users/geethaganabathula/.m2/repository/org/apache/sis/core/sis-utility/0.6/sis-utility-0.6.jar:/Users/geethaganabathula/.m2/repository/org/apache/sis/storage/sis-netcdf/0.6/sis-netcdf-0.6.jar:/Users/geethaganabathula/.m2/repository/org/apache/sis/storage/sis-storage/0.6/sis-storage-0.6.jar:/Users/geethaganabathula/.m2/repository/org/apache/sis/core/sis-referencing/0.6/sis-referencing-0.6.jar:/Users/geethaganabathula/.m2/repository/org/apache/sis/core/sis-metadata/0.6/sis-metadata-0.6.jar:/Users/geethaganabathula/.m2/repository/org/opengis/geoapi/3.0.0/geoapi-3.0.0.jar:/Users/geethaganabathula/.m2/repository/javax/measure/jsr-275/0.9.3/jsr-275-0.9.3.jar:/Users/geethaganabathula/.m2/repository/edu/usc/ir/sentiment-analysis-parser/0.1/sentiment-analysis-parser-0.1.jar:/Users/geethaganabathula/.m2/repository/com/fasterxml/jackson/core/jackson-core/2.8.1/jackson-core-2.8.1.jar:/Users/geethaganabathula/.m2/repository/xmlpull/xmlpull/1.1.3.1/xmlpull-1.1.3.1.jar:/Users/geethaganabathula/.m2/repository/xpp3/xpp3_min/1.1.4c/xpp3_min-1.1.4c.jar:/Users/geethaganabathula/.m2/repository/xerces/xercesImpl/2.11.0/xercesImpl-2.11.0.jar:/Users/geethaganabathula/.m2/repository/org/apache/xmlgraphics/xmlgraphics-commons/2.2/xmlgraphics-commons-2.2.jar:/Users/geethaganabathula/.m2/repository/javax/mail/mail/1.5.0-b01/mail-1.5.0-b01.jar:/Users/geethaganabathula/.m2/repository/org/apache/geronimo/specs/geronimo-jms_1.1_spec/1.1.1/geronimo-jms_1.1_spec-1.1.1.jar:/Users/geethaganabathula/.m2/repository/com/jayway/jsonpath/json-path/2.4.0/json-path-2.4.0.jar:/Users/geethaganabathula/.m2/repository/net/minidev/json-smart/2.3/json-smart-2.3.jar:/Users/geethaganabathula/.m2/repository/org/jodd/jodd-core/3.8.6/jodd-core-3.8.6.jar:/Users/geethaganabathula/.m2/repository/org/jodd/jodd-lagarto/3.8.6/jodd-lagarto-3.8.6.jar:/Users/geethaganabathula/.m2/repository/org/jodd/jodd-log/3.8.6/jodd-log-3.8.6.jar:/Users/geethaganabathula/.m2/repository/org/jodd/jodd-props/3.8.6/jodd-props-3.8.6.jar:/Users/geethaganabathula/.m2/repository/org/mongodb/mongo-java-driver/2.11.3/mongo-java-driver-2.11.3.jar:/Users/geethaganabathula/.m2/repository/com/helger/ph-css/5.0.4/ph-css-5.0.4.jar:/Users/geethaganabathula/.m2/repository/com/helger/ph-commons/8.6.6/ph-commons-8.6.6.jar:/Users/geethaganabathula/.m2/repository/com/fifesoft/rsyntaxtextarea/2.6.1/rsyntaxtextarea-2.6.1.jar:/Users/geethaganabathula/.m2/repository/org/slf4j/slf4j-ext/1.7.25/slf4j-ext-1.7.25.jar:/Users/geethaganabathula/.m2/repository/org/slf4j/jcl-over-slf4j/1.7.25/jcl-over-slf4j-1.7.25.jar:/Users/geethaganabathula/.m2/repository/org/apache/logging/log4j/log4j-slf4j-impl/2.8.2/log4j-slf4j-impl-2.8.2.jar:/Users/geethaganabathula/.m2/repository/org/apache/logging/log4j/log4j-1.2-api/2.8.2/log4j-1.2-api-2.8.2.jar:/Users/geethaganabathula/.m2/repository/org/exparity/hamcrest-date/2.0.4/hamcrest-date-2.0.4.jar:/Users/geethaganabathula/.m2/repository/org/apache/jmeter/ApacheJMeter_components/3.3/ApacheJMeter_components-3.3.jar:/Users/geethaganabathula/.m2/repository/org/apache/jmeter/ApacheJMeter_http/3.3/ApacheJMeter_http-3.3.jar:/Users/geethaganabathula/.m2/repository/org/apache/jmeter/ApacheJMeter_java/3.3/ApacheJMeter_java-3.3.jar:/Users/geethaganabathula/.m2/repository/org/apache/jmeter/ApacheJMeter_config/3.3/ApacheJMeter_config-3.3.jar:/Users/geethaganabathula/.m2/repository/kg/apc/cmdrunner/2.2.1/cmdrunner-2.2.1.jar:/Users/geethaganabathula/.m2/repository/kg/apc/jmeter-plugins-cmd/2.1/jmeter-plugins-cmd-2.1.jar:/Users/geethaganabathula/.m2/repository/kg/apc/jmeter-plugins-cmn-jmeter/0.5/jmeter-plugins-cmn-jmeter-0.5.jar:/Users/geethaganabathula/.m2/repository/kg/apc/jmeter-plugins-charts/0.1/jmeter-plugins-charts-0.1.jar:/Users/geethaganabathula/.m2/repository/kg/apc/jmeter-plugins-synthesis/2.1/jmeter-plugins-synthesis-2.1.jar:/Users/geethaganabathula/.m2/repository/kg/apc/jmeter-plugins-filterresults/2.0/jmeter-plugins-filterresults-2.0.jar:/Users/geethaganabathula/.m2/repository/kg/apc/jmeter-plugins-mergeresults/2.0/jmeter-plugins-mergeresults-2.0.jar:/Users/geethaganabathula/.m2/repository/kg/apc/jmeter-plugins-functions/2.0/jmeter-plugins-functions-2.0.jar:/Users/geethaganabathula/.m2/repository/kg/apc/jmeter-plugins-extras-libs/1.4.0/jmeter-plugins-extras-libs-1.4.0.jar:/Users/geethaganabathula/.m2/repository/org/springframework/spring-jms/2.5.6/spring-jms-2.5.6.jar:/Users/geethaganabathula/.m2/repository/org/springframework/spring-beans/2.5.6/spring-beans-2.5.6.jar:/Users/geethaganabathula/.m2/repository/org/springframework/spring-context-support/2.5.6/spring-context-support-2.5.6.jar:/Users/geethaganabathula/.m2/repository/org/springframework/spring-core/2.5.6/spring-core-2.5.6.jar:/Users/geethaganabathula/.m2/repository/org/springframework/spring-tx/2.5.6/spring-tx-2.5.6.jar:/Users/geethaganabathula/.m2/repository/net/sf/json-lib/json-lib/2.4/json-lib-2.4-jdk15.jar:/Users/geethaganabathula/.m2/repository/net/sf/ezmorph/ezmorph/1.0.6/ezmorph-1.0.6.jar:/Users/geethaganabathula/.m2/repository/org/apache/qpid/qpid-client/0.20/qpid-client-0.20.jar:/Users/geethaganabathula/.m2/repository/org/apache/qpid/qpid-common/0.20/qpid-common-0.20.jar:/Users/geethaganabathula/.m2/repository/redis/clients/jedis/2.2.1/jedis-2.2.1.jar:/Users/geethaganabathula/.m2/repository/commons-pool/commons-pool/1.6/commons-pool-1.6.jar:/Users/geethaganabathula/.m2/repository/com/io7m/xom/xom/1.2.10/xom-1.2.10.jar:/Users/geethaganabathula/.m2/repository/commons-lang/commons-lang/2.6/commons-lang-2.6.jar:/Users/geethaganabathula/.m2/repository/commons-beanutils/commons-beanutils/1.8.3/commons-beanutils-1.8.3.jar:/Users/geethaganabathula/.m2/repository/kg/apc/jmeter-plugins-standard/1.4.0/jmeter-plugins-standard-1.4.0.jar:/Users/geethaganabathula/.m2/repository/kg/apc/jmeter-plugins-extras/1.4.0/jmeter-plugins-extras-1.4.0.jar:/Users/geethaganabathula/.m2/repository/kg/apc/perfmon/2.2.2/perfmon-2.2.2.jar:/Users/geethaganabathula/.m2/repository/org/fusesource/sigar/1.6.4/sigar-1.6.4.jar:/Users/geethaganabathula/.m2/repository/log4j/log4j/1.2.15/log4j-1.2.15.jar:/Users/geethaganabathula/.m2/repository/avalon-framework/avalon-framework/4.1.5/avalon-framework-4.1.5.jar:/Users/geethaganabathula/.m2/repository/logkit/logkit/2.0/logkit-2.0.jar:/Users/geethaganabathula/.m2/repository/org/apache/jmeter/ApacheJMeter_jdbc/2.13/ApacheJMeter_jdbc-2.13.jar:/Users/geethaganabathula/.m2/repository/commons-httpclient/commons-httpclient/3.1/commons-httpclient-3.1.jar:/Users/geethaganabathula/.m2/repository/commons-jexl/commons-jexl/1.1/commons-jexl-1.1.jar:/Users/geethaganabathula/.m2/repository/excalibur-datasource/excalibur-datasource/2.1/excalibur-datasource-2.1.jar:/Users/geethaganabathula/.m2/repository/hsqldb/hsqldb/1.8.0.1/hsqldb-1.8.0.1.jar:/Users/geethaganabathula/.m2/repository/avalon-framework/avalon-framework-api/4.3/avalon-framework-api-4.3.jar:/Users/geethaganabathula/.m2/repository/avalon-framework/avalon-framework-impl/4.3/avalon-framework-impl-4.3.jar:/Users/geethaganabathula/.m2/repository/xml-apis/xmlParserAPIs/2.0.2/xmlParserAPIs-2.0.2.jar:/Users/geethaganabathula/.m2/repository/jmock/jmock/1.0.1/jmock-1.0.1.jar:/Users/geethaganabathula/.m2/repository/avalon-logkit/avalon-logkit/2.1/avalon-logkit-2.1.jar:/Users/geethaganabathula/.m2/repository/javax/servlet/servlet-api/2.3/servlet-api-2.3.jar:/Users/geethaganabathula/.m2/repository/geronimo-spec/geronimo-spec-javamail/1.3.1-rc3/geronimo-spec-javamail-1.3.1-rc3.jar:/Users/geethaganabathula/.m2/repository/geronimo-spec/geronimo-spec-jms/1.1-rc4/geronimo-spec-jms-1.1-rc4.jar:/Users/geethaganabathula/.m2/repository/excalibur-instrument/excalibur-instrument-api/2.1/excalibur-instrument-api-2.1.jar:/Users/geethaganabathula/.m2/repository/concurrent/concurrent/1.3.4/concurrent-1.3.4.jar:/Users/geethaganabathula/.m2/repository/excalibur-component/excalibur-testcase/2.1/excalibur-testcase-2.1.jar:/Users/geethaganabathula/.m2/repository/excalibur-component/excalibur-component/2.1/excalibur-component-2.1.jar:/Users/geethaganabathula/.m2/repository/excalibur-instrument/excalibur-instrument-mgr-api/2.1/excalibur-instrument-mgr-api-2.1.jar:/Users/geethaganabathula/.m2/repository/excalibur-instrument/excalibur-instrument-mgr-impl/2.1/excalibur-instrument-mgr-impl-2.1.jar:/Users/geethaganabathula/.m2/repository/qdox/qdox/1.5/qdox-1.5.jar:/Users/geethaganabathula/.m2/repository/excalibur-instrument/excalibur-instrument/1.0/excalibur-instrument-1.0.jar:/Users/geethaganabathula/.m2/repository/excalibur-logger/excalibur-logger/1.1/excalibur-logger-1.1.jar:/Users/geethaganabathula/.m2/repository/excalibur-pool/excalibur-pool-api/2.1/excalibur-pool-api-2.1.jar:/Users/geethaganabathula/.m2/repository/excalibur-pool/excalibur-pool-impl/2.1/excalibur-pool-impl-2.1.jar:/Users/geethaganabathula/.m2/repository/junitperf/junitperf/1.8/junitperf-1.8.jar:/Users/geethaganabathula/.m2/repository/excalibur-pool/excalibur-pool-instrumented/2.1/excalibur-pool-instrumented-2.1.jar:/Users/geethaganabathula/.m2/repository/org/htmlparser/htmllexer/2.1/htmllexer-2.1.jar:/Users/geethaganabathula/.m2/repository/org/htmlparser/htmlparser/2.1/htmlparser-2.1.jar:/Users/geethaganabathula/.m2/repository/org/jdom/jdom/1.1.3/jdom-1.1.3.jar:/Users/geethaganabathula/.m2/repository/soap/soap/2.3.1/soap-2.3.1.jar:/Users/geethaganabathula/.m2/repository/org/slf4j/slf4j-nop/1.7.10/slf4j-nop-1.7.10.jar:/Users/geethaganabathula/.m2/repository/com/github/javafaker/javafaker/0.15/javafaker-0.15.jar:/Users/geethaganabathula/.m2/repository/org/yaml/snakeyaml/1.20/snakeyaml-1.20-android.jar:/Users/geethaganabathula/.m2/repository/com/github/mifmif/generex/1.0.2/generex-1.0.2.jar:/Users/geethaganabathula/.m2/repository/dk/brics/automaton/automaton/1.11-8/automaton-1.11-8.jar:/Users/geethaganabathula/.m2/repository/com/browserstack/browserstack-local-java/0.1.0/browserstack-local-java-0.1.0.jar"/>
    <property name="java.vm.vendor" value="&quot;Oracle Corporation&quot;"/>
    <property name="sun.arch.data.model" value="64"/>
    <property name="java.vendor.url" value="http://java.oracle.com/"/>
    <property name="user.timezone" value=""/>
    <property name="java.vm.specification.version" value="10"/>
    <property name="os.name" value="Mac OS X"/>
    <property name="sun.java.launcher" value="SUN_STANDARD"/>
    <property name="user.country" value="GB"/>
    <property name="sun.boot.library.path" value="/Library/Java/JavaVirtualMachines/jdk-10.0.1.jdk/Contents/Home/lib"/>
    <property name="sun.java.command" value="org.apache.maven.surefire.booter.ForkedBooter /Users/geethaganabathula/Documents/PBSAutomationTests/pbs-automation-suite/Function/target/surefire 2019-08-13T14-29-16_996-jvmRun1 surefire11563646725385552851tmp surefire_03110576347068311982tmp"/>
    <property name="http.nonProxyHosts" value="local|*.local|169.254/16|*.169.254/16"/>
    <property name="jdk.debug" value="release"/>
    <property name="surefire.test.class.path" value="/Users/geethaganabathula/Documents/PBSAutomationTests/pbs-automation-suite/Function/target/test-classes:/Users/geethaganabathula/Documents/PBSAutomationTests/pbs-automation-suite/Function/target/pbs-automation-suite-2.0.0-SNAPSHOT.jar:/Users/geethaganabathula/.m2/repository/org/apache/maven/surefire/surefire-junit4/2.22.0/surefire-junit4-2.22.0.jar:/Users/geethaganabathula/.m2/repository/org/apache/maven/surefire/surefire-api/2.22.0/surefire-api-2.22.0.jar:/Users/geethaganabathula/.m2/repository/org/apache/maven/surefire/surefire-logger-api/2.22.0/surefire-logger-api-2.22.0.jar:/Users/geethaganabathula/.m2/repository/org/apache/maven/surefire/surefire-junit47/2.22.0/surefire-junit47-2.22.0.jar:/Users/geethaganabathula/.m2/repository/org/apache/maven/surefire/common-junit48/2.22.0/common-junit48-2.22.0.jar:/Users/geethaganabathula/.m2/repository/org/apache/maven/surefire/common-junit4/2.22.0/common-junit4-2.22.0.jar:/Users/geethaganabathula/.m2/repository/org/apache/maven/surefire/common-junit3/2.22.0/common-junit3-2.22.0.jar:/Users/geethaganabathula/.m2/repository/org/apache/maven/surefire/common-java5/2.22.0/common-java5-2.22.0.jar:/Users/geethaganabathula/.m2/repository/org/apache/maven/shared/maven-shared-utils/0.9/maven-shared-utils-0.9.jar:/Users/geethaganabathula/.m2/repository/org/apache/maven/surefire/surefire-grouper/2.22.0/surefire-grouper-2.22.0.jar:/Users/geethaganabathula/.m2/repository/org/slf4j/slf4j-simple/1.7.25/slf4j-simple-1.7.25.jar:/Users/geethaganabathula/.m2/repository/org/slf4j/slf4j-api/1.7.25/slf4j-api-1.7.25.jar:/Users/geethaganabathula/.m2/repository/net/serenity-bdd/serenity-core/2.0.48/serenity-core-2.0.48.jar:/Users/geethaganabathula/.m2/repository/net/bytebuddy/byte-buddy/1.9.12/byte-buddy-1.9.12.jar:/Users/geethaganabathula/.m2/repository/net/bytebuddy/byte-buddy-agent/1.9.12/byte-buddy-agent-1.9.12.jar:/Users/geethaganabathula/.m2/repository/com/google/guava/guava/25.0-jre/guava-25.0-jre.jar:/Users/geethaganabathula/.m2/repository/com/google/code/findbugs/jsr305/1.3.9/jsr305-1.3.9.jar:/Users/geethaganabathula/.m2/repository/org/checkerframework/checker-compat-qual/2.0.0/checker-compat-qual-2.0.0.jar:/Users/geethaganabathula/.m2/repository/com/google/errorprone/error_prone_annotations/2.1.3/error_prone_annotations-2.1.3.jar:/Users/geethaganabathula/.m2/repository/com/google/j2objc/j2objc-annotations/1.1/j2objc-annotations-1.1.jar:/Users/geethaganabathula/.m2/repository/org/codehaus/mojo/animal-sniffer-annotations/1.14/animal-sniffer-annotations-1.14.jar:/Users/geethaganabathula/.m2/repository/com/google/inject/guice/4.2.2/guice-4.2.2.jar:/Users/geethaganabathula/.m2/repository/javax/inject/javax.inject/1/javax.inject-1.jar:/Users/geethaganabathula/.m2/repository/aopalliance/aopalliance/1.0/aopalliance-1.0.jar:/Users/geethaganabathula/.m2/repository/cglib/cglib/3.2.5/cglib-3.2.5.jar:/Users/geethaganabathula/.m2/repository/org/ow2/asm/asm/5.0.3/asm-5.0.3.jar:/Users/geethaganabathula/.m2/repository/commons-codec/commons-codec/1.10/commons-codec-1.10.jar:/Users/geethaganabathula/.m2/repository/org/objenesis/objenesis/2.6/objenesis-2.6.jar:/Users/geethaganabathula/.m2/repository/xml-apis/xml-apis/1.4.01/xml-apis-1.4.01.jar:/Users/geethaganabathula/.m2/repository/io/cucumber/cucumber-core/2.4.0/cucumber-core-2.4.0.jar:/Users/geethaganabathula/.m2/repository/info/cukes/cucumber-html/0.2.6/cucumber-html-0.2.6.jar:/Users/geethaganabathula/.m2/repository/io/cucumber/cucumber-jvm-deps/1.0.6/cucumber-jvm-deps-1.0.6.jar:/Users/geethaganabathula/.m2/repository/io/cucumber/gherkin/5.0.0/gherkin-5.0.0.jar:/Users/geethaganabathula/.m2/repository/io/cucumber/tag-expressions/1.1.1/tag-expressions-1.1.1.jar:/Users/geethaganabathula/.m2/repository/commons-logging/commons-logging/1.2/commons-logging-1.2.jar:/Users/geethaganabathula/.m2/repository/io/vavr/vavr/0.9.0/vavr-0.9.0.jar:/Users/geethaganabathula/.m2/repository/io/vavr/vavr-match/0.9.0/vavr-match-0.9.0.jar:/Users/geethaganabathula/.m2/repository/javax/xml/bind/jaxb-api/2.2.12/jaxb-api-2.2.12.jar:/Users/geethaganabathula/.m2/repository/com/sun/xml/bind/jaxb-core/2.3.0.1/jaxb-core-2.3.0.1.jar:/Users/geethaganabathula/.m2/repository/com/sun/xml/bind/jaxb-impl/2.3.0.1/jaxb-impl-2.3.0.1.jar:/Users/geethaganabathula/.m2/repository/javax/activation/activation/1.1.1/activation-1.1.1.jar:/Users/geethaganabathula/.m2/repository/org/mockito/mockito-core/2.25.0/mockito-core-2.25.0.jar:/Users/geethaganabathula/.m2/repository/net/serenity-bdd/serenity-report-resources/2.0.48/serenity-report-resources-2.0.48.jar:/Users/geethaganabathula/.m2/repository/net/serenity-bdd/serenity-model/2.0.48/serenity-model-2.0.48.jar:/Users/geethaganabathula/.m2/repository/org/apache/commons/commons-text/1.6/commons-text-1.6.jar:/Users/geethaganabathula/.m2/repository/net/serenity-bdd/serenity-reports/2.0.48/serenity-reports-2.0.48.jar:/Users/geethaganabathula/.m2/repository/net/serenity-bdd/serenity-stats/2.0.48/serenity-stats-2.0.48.jar:/Users/geethaganabathula/.m2/repository/org/jetbrains/kotlin/kotlin-stdlib/1.2.51/kotlin-stdlib-1.2.51.jar:/Users/geethaganabathula/.m2/repository/org/jetbrains/kotlin/kotlin-stdlib-common/1.2.51/kotlin-stdlib-common-1.2.51.jar:/Users/geethaganabathula/.m2/repository/org/jetbrains/annotations/13.0/annotations-13.0.jar:/Users/geethaganabathula/.m2/repository/com/google/code/gson/gson/2.8.4/gson-2.8.4.jar:/Users/geethaganabathula/.m2/repository/commons-io/commons-io/2.6/commons-io-2.6.jar:/Users/geethaganabathula/.m2/repository/org/seleniumhq/selenium/selenium-server/3.141.59/selenium-server-3.141.59.jar:/Users/geethaganabathula/.m2/repository/org/seleniumhq/selenium/selenium-firefox-driver/3.141.59/selenium-firefox-driver-3.141.59.jar:/Users/geethaganabathula/.m2/repository/org/seleniumhq/selenium/selenium-ie-driver/3.141.59/selenium-ie-driver-3.141.59.jar:/Users/geethaganabathula/.m2/repository/com/beust/jcommander/1.72/jcommander-1.72.jar:/Users/geethaganabathula/.m2/repository/org/apache/commons/commons-exec/1.3/commons-exec-1.3.jar:/Users/geethaganabathula/.m2/repository/net/jcip/jcip-annotations/1.0/jcip-annotations-1.0.jar:/Users/geethaganabathula/.m2/repository/org/seleniumhq/selenium/jetty-repacked/9.4.12.v20180830/jetty-repacked-9.4.12.v20180830.jar:/Users/geethaganabathula/.m2/repository/com/squareup/okhttp3/okhttp/3.11.0/okhttp-3.11.0.jar:/Users/geethaganabathula/.m2/repository/com/squareup/okio/okio/1.14.0/okio-1.14.0.jar:/Users/geethaganabathula/.m2/repository/javax/servlet/javax.servlet-api/3.1.0/javax.servlet-api-3.1.0.jar:/Users/geethaganabathula/.m2/repository/org/yaml/snakeyaml/1.19/snakeyaml-1.19.jar:/Users/geethaganabathula/.m2/repository/org/seleniumhq/selenium/selenium-java/3.141.59/selenium-java-3.141.59.jar:/Users/geethaganabathula/.m2/repository/org/seleniumhq/selenium/selenium-api/3.141.59/selenium-api-3.141.59.jar:/Users/geethaganabathula/.m2/repository/org/seleniumhq/selenium/selenium-chrome-driver/3.141.59/selenium-chrome-driver-3.141.59.jar:/Users/geethaganabathula/.m2/repository/org/seleniumhq/selenium/selenium-edge-driver/3.141.59/selenium-edge-driver-3.141.59.jar:/Users/geethaganabathula/.m2/repository/org/seleniumhq/selenium/selenium-remote-driver/3.141.59/selenium-remote-driver-3.141.59.jar:/Users/geethaganabathula/.m2/repository/org/seleniumhq/selenium/selenium-safari-driver/3.141.59/selenium-safari-driver-3.141.59.jar:/Users/geethaganabathula/.m2/repository/org/seleniumhq/selenium/selenium-opera-driver/3.141.59/selenium-opera-driver-3.141.59.jar:/Users/geethaganabathula/.m2/repository/org/seleniumhq/selenium/selenium-support/3.141.59/selenium-support-3.141.59.jar:/Users/geethaganabathula/.m2/repository/com/paulhammant/ngwebdriver/1.1.4/ngwebdriver-1.1.4.jar:/Users/geethaganabathula/.m2/repository/com/codeborne/phantomjsdriver/1.4.4/phantomjsdriver-1.4.4.jar:/Users/geethaganabathula/.m2/repository/org/eclipse/jetty/jetty-util/9.4.8.v20171121/jetty-util-9.4.8.v20171121.jar:/Users/geethaganabathula/.m2/repository/org/eclipse/jetty/jetty-io/9.4.8.v20171121/jetty-io-9.4.8.v20171121.jar:/Users/geethaganabathula/.m2/repository/org/seleniumhq/selenium/htmlunit-driver/2.33.1/htmlunit-driver-2.33.1.jar:/Users/geethaganabathula/.m2/repository/io/appium/java-client/6.1.0/java-client-6.1.0.jar:/Users/geethaganabathula/.m2/repository/commons-validator/commons-validator/1.6/commons-validator-1.6.jar:/Users/geethaganabathula/.m2/repository/commons-digester/commons-digester/1.8.1/commons-digester-1.8.1.jar:/Users/geethaganabathula/.m2/repository/org/springframework/spring-context/5.0.5.RELEASE/spring-context-5.0.5.RELEASE.jar:/Users/geethaganabathula/.m2/repository/org/springframework/spring-aop/5.0.5.RELEASE/spring-aop-5.0.5.RELEASE.jar:/Users/geethaganabathula/.m2/repository/org/springframework/spring-expression/5.0.5.RELEASE/spring-expression-5.0.5.RELEASE.jar:/Users/geethaganabathula/.m2/repository/org/aspectj/aspectjweaver/1.9.1/aspectjweaver-1.9.1.jar:/Users/geethaganabathula/.m2/repository/org/openpnp/opencv/3.2.0-1/opencv-3.2.0-1.jar:/Users/geethaganabathula/.m2/repository/org/glassfish/tyrus/tyrus-core/1.13.1/tyrus-core-1.13.1.jar:/Users/geethaganabathula/.m2/repository/org/glassfish/tyrus/tyrus-spi/1.13.1/tyrus-spi-1.13.1.jar:/Users/geethaganabathula/.m2/repository/javax/websocket/javax.websocket-api/1.1/javax.websocket-api-1.1.jar:/Users/geethaganabathula/.m2/repository/org/codehaus/groovy/groovy/2.5.5/groovy-2.5.5.jar:/Users/geethaganabathula/.m2/repository/net/sf/opencsv/opencsv/2.0/opencsv-2.0.jar:/Users/geethaganabathula/.m2/repository/commons-beanutils/commons-beanutils-core/1.8.3/commons-beanutils-core-1.8.3.jar:/Users/geethaganabathula/.m2/repository/joda-time/joda-time/2.7/joda-time-2.7.jar:/Users/geethaganabathula/.m2/repository/com/thoughtworks/xstream/xstream/1.4.9/xstream-1.4.9.jar:/Users/geethaganabathula/.m2/repository/org/apache/commons/commons-lang3/3.8.1/commons-lang3-3.8.1.jar:/Users/geethaganabathula/.m2/repository/commons-collections/commons-collections/3.2.2/commons-collections-3.2.2.jar:/Users/geethaganabathula/.m2/repository/org/freemarker/freemarker/2.3.28/freemarker-2.3.28.jar:/Users/geethaganabathula/.m2/repository/net/sourceforge/jexcelapi/jxl/2.6.12/jxl-2.6.12.jar:/Users/geethaganabathula/.m2/repository/org/hamcrest/hamcrest-core/1.3/hamcrest-core-1.3.jar:/Users/geethaganabathula/.m2/repository/org/hamcrest/hamcrest-library/1.3/hamcrest-library-1.3.jar:/Users/geethaganabathula/.m2/repository/net/sourceforge/htmlunit/htmlunit/2.33/htmlunit-2.33.jar:/Users/geethaganabathula/.m2/repository/net/sourceforge/htmlunit/htmlunit-core-js/2.33/htmlunit-core-js-2.33.jar:/Users/geethaganabathula/.m2/repository/net/sourceforge/htmlunit/neko-htmlunit/2.33/neko-htmlunit-2.33.jar:/Users/geethaganabathula/.m2/repository/net/sourceforge/htmlunit/htmlunit-cssparser/1.2.0/htmlunit-cssparser-1.2.0.jar:/Users/geethaganabathula/.m2/repository/org/eclipse/jetty/websocket/websocket-client/9.4.12.v20180830/websocket-client-9.4.12.v20180830.jar:/Users/geethaganabathula/.m2/repository/org/eclipse/jetty/jetty-client/9.4.12.v20180830/jetty-client-9.4.12.v20180830.jar:/Users/geethaganabathula/.m2/repository/org/eclipse/jetty/jetty-http/9.4.12.v20180830/jetty-http-9.4.12.v20180830.jar:/Users/geethaganabathula/.m2/repository/org/eclipse/jetty/jetty-xml/9.4.12.v20180830/jetty-xml-9.4.12.v20180830.jar:/Users/geethaganabathula/.m2/repository/org/eclipse/jetty/websocket/websocket-common/9.4.12.v20180830/websocket-common-9.4.12.v20180830.jar:/Users/geethaganabathula/.m2/repository/org/eclipse/jetty/websocket/websocket-api/9.4.12.v20180830/websocket-api-9.4.12.v20180830.jar:/Users/geethaganabathula/.m2/repository/org/apache/httpcomponents/httpclient/4.5.5/httpclient-4.5.5.jar:/Users/geethaganabathula/.m2/repository/org/apache/httpcomponents/httpmime/4.5.5/httpmime-4.5.5.jar:/Users/geethaganabathula/.m2/repository/org/fluentlenium/fluentlenium-core/0.10.2/fluentlenium-core-0.10.2.jar:/Users/geethaganabathula/.m2/repository/com/jhlabs/filters/2.0.235/filters-2.0.235.jar:/Users/geethaganabathula/.m2/repository/org/asciidoctor/asciidoctorj/1.5.6/asciidoctorj-1.5.6.jar:/Users/geethaganabathula/.m2/repository/org/jruby/jruby-complete/1.7.26/jruby-complete-1.7.26.jar:/Users/geethaganabathula/.m2/repository/org/imgscalr/imgscalr-lib/4.2/imgscalr-lib-4.2.jar:/Users/geethaganabathula/.m2/repository/javax/el/javax.el-api/2.2.4/javax.el-api-2.2.4.jar:/Users/geethaganabathula/.m2/repository/org/glassfish/web/javax.el/2.2.4/javax.el-2.2.4.jar:/Users/geethaganabathula/.m2/repository/xalan/xalan/2.7.2/xalan-2.7.2.jar:/Users/geethaganabathula/.m2/repository/xalan/serializer/2.7.2/serializer-2.7.2.jar:/Users/geethaganabathula/.m2/repository/org/awaitility/awaitility/3.1.0/awaitility-3.1.0.jar:/Users/geethaganabathula/.m2/repository/com/typesafe/config/1.3.1/config-1.3.1.jar:/Users/geethaganabathula/.m2/repository/org/jsoup/jsoup/1.10.3/jsoup-1.10.3.jar:/Users/geethaganabathula/.m2/repository/com/google/jimfs/jimfs/1.1/jimfs-1.1.jar:/Users/geethaganabathula/.m2/repository/es/nitaur/markdown/txtmark/0.16/txtmark-0.16.jar:/Users/geethaganabathula/.m2/repository/com/vladsch/flexmark/flexmark-all/0.34.30/flexmark-all-0.34.30.jar:/Users/geethaganabathula/.m2/repository/com/vladsch/flexmark/flexmark/0.34.30/flexmark-0.34.30.jar:/Users/geethaganabathula/.m2/repository/com/vladsch/flexmark/flexmark-ext-abbreviation/0.34.30/flexmark-ext-abbreviation-0.34.30.jar:/Users/geethaganabathula/.m2/repository/com/vladsch/flexmark/flexmark-ext-admonition/0.34.30/flexmark-ext-admonition-0.34.30.jar:/Users/geethaganabathula/.m2/repository/com/vladsch/flexmark/flexmark-ext-anchorlink/0.34.30/flexmark-ext-anchorlink-0.34.30.jar:/Users/geethaganabathula/.m2/repository/com/vladsch/flexmark/flexmark-ext-aside/0.34.30/flexmark-ext-aside-0.34.30.jar:/Users/geethaganabathula/.m2/repository/com/vladsch/flexmark/flexmark-ext-attributes/0.34.30/flexmark-ext-attributes-0.34.30.jar:/Users/geethaganabathula/.m2/repository/com/vladsch/flexmark/flexmark-ext-autolink/0.34.30/flexmark-ext-autolink-0.34.30.jar:/Users/geethaganabathula/.m2/repository/org/nibor/autolink/autolink/0.6.0/autolink-0.6.0.jar:/Users/geethaganabathula/.m2/repository/com/vladsch/flexmark/flexmark-ext-definition/0.34.30/flexmark-ext-definition-0.34.30.jar:/Users/geethaganabathula/.m2/repository/com/vladsch/flexmark/flexmark-ext-emoji/0.34.30/flexmark-ext-emoji-0.34.30.jar:/Users/geethaganabathula/.m2/repository/com/vladsch/flexmark/flexmark-ext-enumerated-reference/0.34.30/flexmark-ext-enumerated-reference-0.34.30.jar:/Users/geethaganabathula/.m2/repository/com/vladsch/flexmark/flexmark-ext-escaped-character/0.34.30/flexmark-ext-escaped-character-0.34.30.jar:/Users/geethaganabathula/.m2/repository/com/vladsch/flexmark/flexmark-ext-footnotes/0.34.30/flexmark-ext-footnotes-0.34.30.jar:/Users/geethaganabathula/.m2/repository/com/vladsch/flexmark/flexmark-ext-gfm-issues/0.34.30/flexmark-ext-gfm-issues-0.34.30.jar:/Users/geethaganabathula/.m2/repository/com/vladsch/flexmark/flexmark-ext-gfm-strikethrough/0.34.30/flexmark-ext-gfm-strikethrough-0.34.30.jar:/Users/geethaganabathula/.m2/repository/com/vladsch/flexmark/flexmark-ext-gfm-tables/0.34.30/flexmark-ext-gfm-tables-0.34.30.jar:/Users/geethaganabathula/.m2/repository/com/vladsch/flexmark/flexmark-ext-gfm-tasklist/0.34.30/flexmark-ext-gfm-tasklist-0.34.30.jar:/Users/geethaganabathula/.m2/repository/com/vladsch/flexmark/flexmark-ext-gfm-users/0.34.30/flexmark-ext-gfm-users-0.34.30.jar:/Users/geethaganabathula/.m2/repository/com/vladsch/flexmark/flexmark-ext-gitlab/0.34.30/flexmark-ext-gitlab-0.34.30.jar:/Users/geethaganabathula/.m2/repository/com/vladsch/flexmark/flexmark-ext-jekyll-front-matter/0.34.30/flexmark-ext-jekyll-front-matter-0.34.30.jar:/Users/geethaganabathula/.m2/repository/com/vladsch/flexmark/flexmark-ext-jekyll-tag/0.34.30/flexmark-ext-jekyll-tag-0.34.30.jar:/Users/geethaganabathula/.m2/repository/com/vladsch/flexmark/flexmark-ext-media-tags/0.34.30/flexmark-ext-media-tags-0.34.30.jar:/Users/geethaganabathula/.m2/repository/com/vladsch/flexmark/flexmark-test-util/0.34.30/flexmark-test-util-0.34.30.jar:/Users/geethaganabathula/.m2/repository/com/vladsch/flexmark/flexmark-ext-ins/0.34.30/flexmark-ext-ins-0.34.30.jar:/Users/geethaganabathula/.m2/repository/com/vladsch/flexmark/flexmark-ext-xwiki-macros/0.34.30/flexmark-ext-xwiki-macros-0.34.30.jar:/Users/geethaganabathula/.m2/repository/com/vladsch/flexmark/flexmark-ext-superscript/0.34.30/flexmark-ext-superscript-0.34.30.jar:/Users/geethaganabathula/.m2/repository/com/vladsch/flexmark/flexmark-ext-tables/0.34.30/flexmark-ext-tables-0.34.30.jar:/Users/geethaganabathula/.m2/repository/com/vladsch/flexmark/flexmark-ext-toc/0.34.30/flexmark-ext-toc-0.34.30.jar:/Users/geethaganabathula/.m2/repository/com/vladsch/flexmark/flexmark-ext-typographic/0.34.30/flexmark-ext-typographic-0.34.30.jar:/Users/geethaganabathula/.m2/repository/com/vladsch/flexmark/flexmark-ext-wikilink/0.34.30/flexmark-ext-wikilink-0.34.30.jar:/Users/geethaganabathula/.m2/repository/com/vladsch/flexmark/flexmark-ext-yaml-front-matter/0.34.30/flexmark-ext-yaml-front-matter-0.34.30.jar:/Users/geethaganabathula/.m2/repository/com/vladsch/flexmark/flexmark-ext-youtube-embedded/0.34.30/flexmark-ext-youtube-embedded-0.34.30.jar:/Users/geethaganabathula/.m2/repository/com/vladsch/flexmark/flexmark-formatter/0.34.30/flexmark-formatter-0.34.30.jar:/Users/geethaganabathula/.m2/repository/com/vladsch/flexmark/flexmark-html-parser/0.34.30/flexmark-html-parser-0.34.30.jar:/Users/geethaganabathula/.m2/repository/com/vladsch/flexmark/flexmark-jira-converter/0.34.30/flexmark-jira-converter-0.34.30.jar:/Users/geethaganabathula/.m2/repository/com/vladsch/flexmark/flexmark-pdf-converter/0.34.30/flexmark-pdf-converter-0.34.30.jar:/Users/geethaganabathula/.m2/repository/com/openhtmltopdf/openhtmltopdf-core/0.0.1-RC13/openhtmltopdf-core-0.0.1-RC13.jar:/Users/geethaganabathula/.m2/repository/com/openhtmltopdf/openhtmltopdf-pdfbox/0.0.1-RC13/openhtmltopdf-pdfbox-0.0.1-RC13.jar:/Users/geethaganabathula/.m2/repository/org/apache/pdfbox/xmpbox/2.0.8/xmpbox-2.0.8.jar:/Users/geethaganabathula/.m2/repository/de/rototor/pdfbox/graphics2d/0.12/graphics2d-0.12.jar:/Users/geethaganabathula/.m2/repository/com/openhtmltopdf/openhtmltopdf-rtl-support/0.0.1-RC13/openhtmltopdf-rtl-support-0.0.1-RC13.jar:/Users/geethaganabathula/.m2/repository/com/ibm/icu/icu4j/59.1/icu4j-59.1.jar:/Users/geethaganabathula/.m2/repository/com/openhtmltopdf/openhtmltopdf-jsoup-dom-converter/0.0.1-RC13/openhtmltopdf-jsoup-dom-converter-0.0.1-RC13.jar:/Users/geethaganabathula/.m2/repository/com/vladsch/flexmark/flexmark-profile-pegdown/0.34.30/flexmark-profile-pegdown-0.34.30.jar:/Users/geethaganabathula/.m2/repository/com/vladsch/flexmark/flexmark-util/0.34.30/flexmark-util-0.34.30.jar:/Users/geethaganabathula/.m2/repository/com/vladsch/flexmark/flexmark-youtrack-converter/0.34.30/flexmark-youtrack-converter-0.34.30.jar:/Users/geethaganabathula/.m2/repository/net/serenity-bdd/serenity-junit/2.0.48/serenity-junit-2.0.48.jar:/Users/geethaganabathula/.m2/repository/net/serenity-bdd/serenity-rest-assured/2.0.48/serenity-rest-assured-2.0.48.jar:/Users/geethaganabathula/.m2/repository/io/rest-assured/rest-assured/3.3.0/rest-assured-3.3.0.jar:/Users/geethaganabathula/.m2/repository/org/ccil/cowan/tagsoup/tagsoup/1.2.1/tagsoup-1.2.1.jar:/Users/geethaganabathula/.m2/repository/io/rest-assured/json-path/3.3.0/json-path-3.3.0.jar:/Users/geethaganabathula/.m2/repository/io/rest-assured/rest-assured-common/3.3.0/rest-assured-common-3.3.0.jar:/Users/geethaganabathula/.m2/repository/io/rest-assured/xml-path/3.3.0/xml-path-3.3.0.jar:/Users/geethaganabathula/.m2/repository/com/sun/xml/bind/jaxb-osgi/2.2.10/jaxb-osgi-2.2.10.jar:/Users/geethaganabathula/.m2/repository/org/apache/sling/org.apache.sling.javax.activation/0.1.0/org.apache.sling.javax.activation-0.1.0.jar:/Users/geethaganabathula/.m2/repository/org/codehaus/groovy/groovy-xml/2.5.5/groovy-xml-2.5.5.jar:/Users/geethaganabathula/.m2/repository/org/codehaus/groovy/groovy-json/2.5.5/groovy-json-2.5.5.jar:/Users/geethaganabathula/.m2/repository/net/serenity-bdd/serenity-cucumber/1.9.37/serenity-cucumber-1.9.37.jar:/Users/geethaganabathula/.m2/repository/net/serenity-bdd/serenity-screenplay/2.0.48/serenity-screenplay-2.0.48.jar:/Users/geethaganabathula/.m2/repository/uk/com/robust-it/cloning/1.9.10/cloning-1.9.10.jar:/Users/geethaganabathula/.m2/repository/net/serenity-bdd/serenity-screenplay-webdriver/2.0.48/serenity-screenplay-webdriver-2.0.48.jar:/Users/geethaganabathula/.m2/repository/io/cucumber/cucumber-java/2.4.0/cucumber-java-2.4.0.jar:/Users/geethaganabathula/.m2/repository/io/cucumber/cucumber-junit/2.4.0/cucumber-junit-2.4.0.jar:/Users/geethaganabathula/.m2/repository/org/apache/commons/commons-csv/1.5/commons-csv-1.5.jar:/Users/geethaganabathula/.m2/repository/junit/junit/4.12/junit-4.12.jar:/Users/geethaganabathula/.m2/repository/org/assertj/assertj-core/3.9.1/assertj-core-3.9.1.jar:/Users/geethaganabathula/.m2/repository/org/hamcrest/hamcrest-all/1.3/hamcrest-all-1.3.jar:/Users/geethaganabathula/.m2/repository/org/apache/logging/log4j/log4j-core/2.11.0/log4j-core-2.11.0.jar:/Users/geethaganabathula/.m2/repository/org/apache/logging/log4j/log4j-api/2.11.0/log4j-api-2.11.0.jar:/Users/geethaganabathula/.m2/repository/org/apache/jmeter/ApacheJMeter_core/3.3/ApacheJMeter_core-3.3.jar:/Users/geethaganabathula/.m2/repository/org/apache/jmeter/jorphan/3.3/jorphan-3.3.jar:/Users/geethaganabathula/.m2/repository/net/minidev/accessors-smart/1.2/accessors-smart-1.2.jar:/Users/geethaganabathula/.m2/repository/bsf/bsf/2.4.0/bsf-2.4.0.jar:/Users/geethaganabathula/.m2/repository/org/beanshell/bsh/2.0b5/bsh-2.0b5.jar:/Users/geethaganabathula/.m2/repository/org/bouncycastle/bcmail-jdk15on/1.49/bcmail-jdk15on-1.49.jar:/Users/geethaganabathula/.m2/repository/org/bouncycastle/bcprov-jdk15on/1.49/bcprov-jdk15on-1.49.jar:/Users/geethaganabathula/.m2/repository/org/bouncycastle/bcpkix-jdk15on/1.49/bcpkix-jdk15on-1.49.jar:/Users/geethaganabathula/.m2/repository/org/brotli/dec/0.1.2/dec-0.1.2.jar:/Users/geethaganabathula/.m2/repository/com/github/ben-manes/caffeine/caffeine/2.5.5/caffeine-2.5.5.jar:/Users/geethaganabathula/.m2/repository/org/apache/commons/commons-dbcp2/2.1.1/commons-dbcp2-2.1.1.jar:/Users/geethaganabathula/.m2/repository/org/apache/commons/commons-jexl/2.1.1/commons-jexl-2.1.1.jar:/Users/geethaganabathula/.m2/repository/org/apache/commons/commons-jexl3/3.1/commons-jexl3-3.1.jar:/Users/geethaganabathula/.m2/repository/org/apache/commons/commons-math3/3.6.1/commons-math3-3.6.1.jar:/Users/geethaganabathula/.m2/repository/commons-net/commons-net/3.6/commons-net-3.6.jar:/Users/geethaganabathula/.m2/repository/org/apache/commons/commons-pool2/2.4.2/commons-pool2-2.4.2.jar:/Users/geethaganabathula/.m2/repository/dnsjava/dnsjava/2.1.8/dnsjava-2.1.8.jar:/Users/geethaganabathula/.m2/repository/org/codehaus/groovy/groovy-all/2.4.12/groovy-all-2.4.12.jar:/Users/geethaganabathula/.m2/repository/org/apache/httpcomponents/httpasyncclient/4.1.3/httpasyncclient-4.1.3.jar:/Users/geethaganabathula/.m2/repository/org/apache/httpcomponents/httpcore/4.4.7/httpcore-4.4.7.jar:/Users/geethaganabathula/.m2/repository/org/apache/httpcomponents/httpcore-nio/4.4.7/httpcore-nio-4.4.7.jar:/Users/geethaganabathula/.m2/repository/oro/oro/2.0.8/oro-2.0.8.jar:/Users/geethaganabathula/.m2/repository/jcharts/jcharts/0.7.5/jcharts-0.7.5.jar:/Users/geethaganabathula/.m2/repository/org/mozilla/rhino/1.7.7.1/rhino-1.7.7.1.jar:/Users/geethaganabathula/.m2/repository/net/sf/jtidy/jtidy/r938/jtidy-r938.jar:/Users/geethaganabathula/.m2/repository/org/apache/tika/tika-core/1.16/tika-core-1.16.jar:/Users/geethaganabathula/.m2/repository/org/apache/tika/tika-parsers/1.16/tika-parsers-1.16.jar:/Users/geethaganabathula/.m2/repository/org/gagravarr/vorbis-java-tika/0.8/vorbis-java-tika-0.8.jar:/Users/geethaganabathula/.m2/repository/com/healthmarketscience/jackcess/jackcess/2.1.8/jackcess-2.1.8.jar:/Users/geethaganabathula/.m2/repository/com/healthmarketscience/jackcess/jackcess-encrypt/2.1.2/jackcess-encrypt-2.1.2.jar:/Users/geethaganabathula/.m2/repository/org/tallison/jmatio/1.2/jmatio-1.2.jar:/Users/geethaganabathula/.m2/repository/org/apache/james/apache-mime4j-core/0.8.1/apache-mime4j-core-0.8.1.jar:/Users/geethaganabathula/.m2/repository/org/apache/james/apache-mime4j-dom/0.8.1/apache-mime4j-dom-0.8.1.jar:/Users/geethaganabathula/.m2/repository/org/apache/commons/commons-compress/1.14/commons-compress-1.14.jar:/Users/geethaganabathula/.m2/repository/org/tukaani/xz/1.6/xz-1.6.jar:/Users/geethaganabathula/.m2/repository/org/apache/pdfbox/pdfbox/2.0.6/pdfbox-2.0.6.jar:/Users/geethaganabathula/.m2/repository/org/apache/pdfbox/fontbox/2.0.6/fontbox-2.0.6.jar:/Users/geethaganabathula/.m2/repository/org/apache/pdfbox/pdfbox-tools/2.0.6/pdfbox-tools-2.0.6.jar:/Users/geethaganabathula/.m2/repository/org/apache/pdfbox/pdfbox-debugger/2.0.6/pdfbox-debugger-2.0.6.jar:/Users/geethaganabathula/.m2/repository/org/apache/pdfbox/jempbox/1.8.13/jempbox-1.8.13.jar:/Users/geethaganabathula/.m2/repository/org/apache/poi/poi/3.17-beta1/poi-3.17-beta1.jar:/Users/geethaganabathula/.m2/repository/org/apache/commons/commons-collections4/4.1/commons-collections4-4.1.jar:/Users/geethaganabathula/.m2/repository/org/apache/poi/poi-scratchpad/3.17-beta1/poi-scratchpad-3.17-beta1.jar:/Users/geethaganabathula/.m2/repository/org/apache/poi/poi-ooxml/3.17-beta1/poi-ooxml-3.17-beta1.jar:/Users/geethaganabathula/.m2/repository/org/apache/poi/poi-ooxml-schemas/3.17-beta1/poi-ooxml-schemas-3.17-beta1.jar:/Users/geethaganabathula/.m2/repository/org/apache/xmlbeans/xmlbeans/2.6.0/xmlbeans-2.6.0.jar:/Users/geethaganabathula/.m2/repository/com/github/virtuald/curvesapi/1.04/curvesapi-1.04.jar:/Users/geethaganabathula/.m2/repository/com/googlecode/mp4parser/isoparser/1.1.18/isoparser-1.1.18.jar:/Users/geethaganabathula/.m2/repository/com/drewnoakes/metadata-extractor/2.9.1/metadata-extractor-2.9.1.jar:/Users/geethaganabathula/.m2/repository/com/adobe/xmp/xmpcore/5.1.2/xmpcore-5.1.2.jar:/Users/geethaganabathula/.m2/repository/de/l3s/boilerpipe/boilerpipe/1.1.0/boilerpipe-1.1.0.jar:/Users/geethaganabathula/.m2/repository/com/rometools/rome/1.5.1/rome-1.5.1.jar:/Users/geethaganabathula/.m2/repository/com/rometools/rome-utils/1.5.1/rome-utils-1.5.1.jar:/Users/geethaganabathula/.m2/repository/org/gagravarr/vorbis-java-core/0.8/vorbis-java-core-0.8.jar:/Users/geethaganabathula/.m2/repository/com/googlecode/juniversalchardet/juniversalchardet/1.0.3/juniversalchardet-1.0.3.jar:/Users/geethaganabathula/.m2/repository/org/codelibs/jhighlight/1.0.2/jhighlight-1.0.2.jar:/Users/geethaganabathula/.m2/repository/com/pff/java-libpst/0.8.1/java-libpst-0.8.1.jar:/Users/geethaganabathula/.m2/repository/com/github/junrar/junrar/0.7/junrar-0.7.jar:/Users/geethaganabathula/.m2/repository/org/apache/commons/commons-vfs2/2.0/commons-vfs2-2.0.jar:/Users/geethaganabathula/.m2/repository/org/apache/maven/scm/maven-scm-api/1.4/maven-scm-api-1.4.jar:/Users/geethaganabathula/.m2/repository/org/codehaus/plexus/plexus-utils/1.5.6/plexus-utils-1.5.6.jar:/Users/geethaganabathula/.m2/repository/org/apache/maven/scm/maven-scm-provider-svnexe/1.4/maven-scm-provider-svnexe-1.4.jar:/Users/geethaganabathula/.m2/repository/org/apache/maven/scm/maven-scm-provider-svn-commons/1.4/maven-scm-provider-svn-commons-1.4.jar:/Users/geethaganabathula/.m2/repository/regexp/regexp/1.3/regexp-1.3.jar:/Users/geethaganabathula/.m2/repository/org/apache/cxf/cxf-rt-rs-client/3.0.12/cxf-rt-rs-client-3.0.12.jar:/Users/geethaganabathula/.m2/repository/org/apache/cxf/cxf-rt-transports-http/3.0.12/cxf-rt-transports-http-3.0.12.jar:/Users/geethaganabathula/.m2/repository/org/apache/cxf/cxf-core/3.0.12/cxf-core-3.0.12.jar:/Users/geethaganabathula/.m2/repository/org/codehaus/woodstox/woodstox-core-asl/4.4.1/woodstox-core-asl-4.4.1.jar:/Users/geethaganabathula/.m2/repository/org/codehaus/woodstox/stax2-api/3.1.4/stax2-api-3.1.4.jar:/Users/geethaganabathula/.m2/repository/org/apache/ws/xmlschema/xmlschema-core/2.2.1/xmlschema-core-2.2.1.jar:/Users/geethaganabathula/.m2/repository/org/apache/cxf/cxf-rt-frontend-jaxrs/3.0.12/cxf-rt-frontend-jaxrs-3.0.12.jar:/Users/geethaganabathula/.m2/repository/javax/ws/rs/javax.ws.rs-api/2.0.1/javax.ws.rs-api-2.0.1.jar:/Users/geethaganabathula/.m2/repository/javax/annotation/javax.annotation-api/1.2/javax.annotation-api-1.2.jar:/Users/geethaganabathula/.m2/repository/org/apache/opennlp/opennlp-tools/1.6.0/opennlp-tools-1.6.0.jar:/Users/geethaganabathula/.m2/repository/com/googlecode/json-simple/json-simple/1.1.1/json-simple-1.1.1.jar:/Users/geethaganabathula/.m2/repository/com/tdunning/json/1.8/json-1.8.jar:/Users/geethaganabathula/.m2/repository/org/slf4j/jul-to-slf4j/1.7.24/jul-to-slf4j-1.7.24.jar:/Users/geethaganabathula/.m2/repository/edu/ucar/netcdf4/4.5.5/netcdf4-4.5.5.jar:/Users/geethaganabathula/.m2/repository/net/java/dev/jna/jna/4.1.0/jna-4.1.0.jar:/Users/geethaganabathula/.m2/repository/edu/ucar/grib/4.5.5/grib-4.5.5.jar:/Users/geethaganabathula/.m2/repository/com/google/protobuf/protobuf-java/2.5.0/protobuf-java-2.5.0.jar:/Users/geethaganabathula/.m2/repository/org/jdom/jdom2/2.0.4/jdom2-2.0.4.jar:/Users/geethaganabathula/.m2/repository/org/itadaki/bzip2/0.9.1/bzip2-0.9.1.jar:/Users/geethaganabathula/.m2/repository/edu/ucar/cdm/4.5.5/cdm-4.5.5.jar:/Users/geethaganabathula/.m2/repository/edu/ucar/udunits/4.5.5/udunits-4.5.5.jar:/Users/geethaganabathula/.m2/repository/org/quartz-scheduler/quartz/2.2.0/quartz-2.2.0.jar:/Users/geethaganabathula/.m2/repository/c3p0/c3p0/0.9.1.1/c3p0-0.9.1.1.jar:/Users/geethaganabathula/.m2/repository/net/sf/ehcache/ehcache-core/2.6.2/ehcache-core-2.6.2.jar:/Users/geethaganabathula/.m2/repository/edu/ucar/httpservices/4.5.5/httpservices-4.5.5.jar:/Users/geethaganabathula/.m2/repository/org/apache/sis/core/sis-utility/0.6/sis-utility-0.6.jar:/Users/geethaganabathula/.m2/repository/org/apache/sis/storage/sis-netcdf/0.6/sis-netcdf-0.6.jar:/Users/geethaganabathula/.m2/repository/org/apache/sis/storage/sis-storage/0.6/sis-storage-0.6.jar:/Users/geethaganabathula/.m2/repository/org/apache/sis/core/sis-referencing/0.6/sis-referencing-0.6.jar:/Users/geethaganabathula/.m2/repository/org/apache/sis/core/sis-metadata/0.6/sis-metadata-0.6.jar:/Users/geethaganabathula/.m2/repository/org/opengis/geoapi/3.0.0/geoapi-3.0.0.jar:/Users/geethaganabathula/.m2/repository/javax/measure/jsr-275/0.9.3/jsr-275-0.9.3.jar:/Users/geethaganabathula/.m2/repository/edu/usc/ir/sentiment-analysis-parser/0.1/sentiment-analysis-parser-0.1.jar:/Users/geethaganabathula/.m2/repository/com/fasterxml/jackson/core/jackson-core/2.8.1/jackson-core-2.8.1.jar:/Users/geethaganabathula/.m2/repository/xmlpull/xmlpull/1.1.3.1/xmlpull-1.1.3.1.jar:/Users/geethaganabathula/.m2/repository/xpp3/xpp3_min/1.1.4c/xpp3_min-1.1.4c.jar:/Users/geethaganabathula/.m2/repository/xerces/xercesImpl/2.11.0/xercesImpl-2.11.0.jar:/Users/geethaganabathula/.m2/repository/org/apache/xmlgraphics/xmlgraphics-commons/2.2/xmlgraphics-commons-2.2.jar:/Users/geethaganabathula/.m2/repository/javax/mail/mail/1.5.0-b01/mail-1.5.0-b01.jar:/Users/geethaganabathula/.m2/repository/org/apache/geronimo/specs/geronimo-jms_1.1_spec/1.1.1/geronimo-jms_1.1_spec-1.1.1.jar:/Users/geethaganabathula/.m2/repository/com/jayway/jsonpath/json-path/2.4.0/json-path-2.4.0.jar:/Users/geethaganabathula/.m2/repository/net/minidev/json-smart/2.3/json-smart-2.3.jar:/Users/geethaganabathula/.m2/repository/org/jodd/jodd-core/3.8.6/jodd-core-3.8.6.jar:/Users/geethaganabathula/.m2/repository/org/jodd/jodd-lagarto/3.8.6/jodd-lagarto-3.8.6.jar:/Users/geethaganabathula/.m2/repository/org/jodd/jodd-log/3.8.6/jodd-log-3.8.6.jar:/Users/geethaganabathula/.m2/repository/org/jodd/jodd-props/3.8.6/jodd-props-3.8.6.jar:/Users/geethaganabathula/.m2/repository/org/mongodb/mongo-java-driver/2.11.3/mongo-java-driver-2.11.3.jar:/Users/geethaganabathula/.m2/repository/com/helger/ph-css/5.0.4/ph-css-5.0.4.jar:/Users/geethaganabathula/.m2/repository/com/helger/ph-commons/8.6.6/ph-commons-8.6.6.jar:/Users/geethaganabathula/.m2/repository/com/fifesoft/rsyntaxtextarea/2.6.1/rsyntaxtextarea-2.6.1.jar:/Users/geethaganabathula/.m2/repository/org/slf4j/slf4j-ext/1.7.25/slf4j-ext-1.7.25.jar:/Users/geethaganabathula/.m2/repository/org/slf4j/jcl-over-slf4j/1.7.25/jcl-over-slf4j-1.7.25.jar:/Users/geethaganabathula/.m2/repository/org/apache/logging/log4j/log4j-slf4j-impl/2.8.2/log4j-slf4j-impl-2.8.2.jar:/Users/geethaganabathula/.m2/repository/org/apache/logging/log4j/log4j-1.2-api/2.8.2/log4j-1.2-api-2.8.2.jar:/Users/geethaganabathula/.m2/repository/org/exparity/hamcrest-date/2.0.4/hamcrest-date-2.0.4.jar:/Users/geethaganabathula/.m2/repository/org/apache/jmeter/ApacheJMeter_components/3.3/ApacheJMeter_components-3.3.jar:/Users/geethaganabathula/.m2/repository/org/apache/jmeter/ApacheJMeter_http/3.3/ApacheJMeter_http-3.3.jar:/Users/geethaganabathula/.m2/repository/org/apache/jmeter/ApacheJMeter_java/3.3/ApacheJMeter_java-3.3.jar:/Users/geethaganabathula/.m2/repository/org/apache/jmeter/ApacheJMeter_config/3.3/ApacheJMeter_config-3.3.jar:/Users/geethaganabathula/.m2/repository/kg/apc/cmdrunner/2.2.1/cmdrunner-2.2.1.jar:/Users/geethaganabathula/.m2/repository/kg/apc/jmeter-plugins-cmd/2.1/jmeter-plugins-cmd-2.1.jar:/Users/geethaganabathula/.m2/repository/kg/apc/jmeter-plugins-cmn-jmeter/0.5/jmeter-plugins-cmn-jmeter-0.5.jar:/Users/geethaganabathula/.m2/repository/kg/apc/jmeter-plugins-charts/0.1/jmeter-plugins-charts-0.1.jar:/Users/geethaganabathula/.m2/repository/kg/apc/jmeter-plugins-synthesis/2.1/jmeter-plugins-synthesis-2.1.jar:/Users/geethaganabathula/.m2/repository/kg/apc/jmeter-plugins-filterresults/2.0/jmeter-plugins-filterresults-2.0.jar:/Users/geethaganabathula/.m2/repository/kg/apc/jmeter-plugins-mergeresults/2.0/jmeter-plugins-mergeresults-2.0.jar:/Users/geethaganabathula/.m2/repository/kg/apc/jmeter-plugins-functions/2.0/jmeter-plugins-functions-2.0.jar:/Users/geethaganabathula/.m2/repository/kg/apc/jmeter-plugins-extras-libs/1.4.0/jmeter-plugins-extras-libs-1.4.0.jar:/Users/geethaganabathula/.m2/repository/org/springframework/spring-jms/2.5.6/spring-jms-2.5.6.jar:/Users/geethaganabathula/.m2/repository/org/springframework/spring-beans/2.5.6/spring-beans-2.5.6.jar:/Users/geethaganabathula/.m2/repository/org/springframework/spring-context-support/2.5.6/spring-context-support-2.5.6.jar:/Users/geethaganabathula/.m2/repository/org/springframework/spring-core/2.5.6/spring-core-2.5.6.jar:/Users/geethaganabathula/.m2/repository/org/springframework/spring-tx/2.5.6/spring-tx-2.5.6.jar:/Users/geethaganabathula/.m2/repository/net/sf/json-lib/json-lib/2.4/json-lib-2.4-jdk15.jar:/Users/geethaganabathula/.m2/repository/net/sf/ezmorph/ezmorph/1.0.6/ezmorph-1.0.6.jar:/Users/geethaganabathula/.m2/repository/org/apache/qpid/qpid-client/0.20/qpid-client-0.20.jar:/Users/geethaganabathula/.m2/repository/org/apache/qpid/qpid-common/0.20/qpid-common-0.20.jar:/Users/geethaganabathula/.m2/repository/redis/clients/jedis/2.2.1/jedis-2.2.1.jar:/Users/geethaganabathula/.m2/repository/commons-pool/commons-pool/1.6/commons-pool-1.6.jar:/Users/geethaganabathula/.m2/repository/com/io7m/xom/xom/1.2.10/xom-1.2.10.jar:/Users/geethaganabathula/.m2/repository/commons-lang/commons-lang/2.6/commons-lang-2.6.jar:/Users/geethaganabathula/.m2/repository/commons-beanutils/commons-beanutils/1.8.3/commons-beanutils-1.8.3.jar:/Users/geethaganabathula/.m2/repository/kg/apc/jmeter-plugins-standard/1.4.0/jmeter-plugins-standard-1.4.0.jar:/Users/geethaganabathula/.m2/repository/kg/apc/jmeter-plugins-extras/1.4.0/jmeter-plugins-extras-1.4.0.jar:/Users/geethaganabathula/.m2/repository/kg/apc/perfmon/2.2.2/perfmon-2.2.2.jar:/Users/geethaganabathula/.m2/repository/org/fusesource/sigar/1.6.4/sigar-1.6.4.jar:/Users/geethaganabathula/.m2/repository/log4j/log4j/1.2.15/log4j-1.2.15.jar:/Users/geethaganabathula/.m2/repository/avalon-framework/avalon-framework/4.1.5/avalon-framework-4.1.5.jar:/Users/geethaganabathula/.m2/repository/logkit/logkit/2.0/logkit-2.0.jar:/Users/geethaganabathula/.m2/repository/org/apache/jmeter/ApacheJMeter_jdbc/2.13/ApacheJMeter_jdbc-2.13.jar:/Users/geethaganabathula/.m2/repository/commons-httpclient/commons-httpclient/3.1/commons-httpclient-3.1.jar:/Users/geethaganabathula/.m2/repository/commons-jexl/commons-jexl/1.1/commons-jexl-1.1.jar:/Users/geethaganabathula/.m2/repository/excalibur-datasource/excalibur-datasource/2.1/excalibur-datasource-2.1.jar:/Users/geethaganabathula/.m2/repository/hsqldb/hsqldb/1.8.0.1/hsqldb-1.8.0.1.jar:/Users/geethaganabathula/.m2/repository/avalon-framework/avalon-framework-api/4.3/avalon-framework-api-4.3.jar:/Users/geethaganabathula/.m2/repository/avalon-framework/avalon-framework-impl/4.3/avalon-framework-impl-4.3.jar:/Users/geethaganabathula/.m2/repository/xml-apis/xmlParserAPIs/2.0.2/xmlParserAPIs-2.0.2.jar:/Users/geethaganabathula/.m2/repository/jmock/jmock/1.0.1/jmock-1.0.1.jar:/Users/geethaganabathula/.m2/repository/avalon-logkit/avalon-logkit/2.1/avalon-logkit-2.1.jar:/Users/geethaganabathula/.m2/repository/javax/servlet/servlet-api/2.3/servlet-api-2.3.jar:/Users/geethaganabathula/.m2/repository/geronimo-spec/geronimo-spec-javamail/1.3.1-rc3/geronimo-spec-javamail-1.3.1-rc3.jar:/Users/geethaganabathula/.m2/repository/geronimo-spec/geronimo-spec-jms/1.1-rc4/geronimo-spec-jms-1.1-rc4.jar:/Users/geethaganabathula/.m2/repository/excalibur-instrument/excalibur-instrument-api/2.1/excalibur-instrument-api-2.1.jar:/Users/geethaganabathula/.m2/repository/concurrent/concurrent/1.3.4/concurrent-1.3.4.jar:/Users/geethaganabathula/.m2/repository/excalibur-component/excalibur-testcase/2.1/excalibur-testcase-2.1.jar:/Users/geethaganabathula/.m2/repository/excalibur-component/excalibur-component/2.1/excalibur-component-2.1.jar:/Users/geethaganabathula/.m2/repository/excalibur-instrument/excalibur-instrument-mgr-api/2.1/excalibur-instrument-mgr-api-2.1.jar:/Users/geethaganabathula/.m2/repository/excalibur-instrument/excalibur-instrument-mgr-impl/2.1/excalibur-instrument-mgr-impl-2.1.jar:/Users/geethaganabathula/.m2/repository/qdox/qdox/1.5/qdox-1.5.jar:/Users/geethaganabathula/.m2/repository/excalibur-instrument/excalibur-instrument/1.0/excalibur-instrument-1.0.jar:/Users/geethaganabathula/.m2/repository/excalibur-logger/excalibur-logger/1.1/excalibur-logger-1.1.jar:/Users/geethaganabathula/.m2/repository/excalibur-pool/excalibur-pool-api/2.1/excalibur-pool-api-2.1.jar:/Users/geethaganabathula/.m2/repository/excalibur-pool/excalibur-pool-impl/2.1/excalibur-pool-impl-2.1.jar:/Users/geethaganabathula/.m2/repository/junitperf/junitperf/1.8/junitperf-1.8.jar:/Users/geethaganabathula/.m2/repository/excalibur-pool/excalibur-pool-instrumented/2.1/excalibur-pool-instrumented-2.1.jar:/Users/geethaganabathula/.m2/repository/org/htmlparser/htmllexer/2.1/htmllexer-2.1.jar:/Users/geethaganabathula/.m2/repository/org/htmlparser/htmlparser/2.1/htmlparser-2.1.jar:/Users/geethaganabathula/.m2/repository/org/jdom/jdom/1.1.3/jdom-1.1.3.jar:/Users/geethaganabathula/.m2/repository/soap/soap/2.3.1/soap-2.3.1.jar:/Users/geethaganabathula/.m2/repository/org/slf4j/slf4j-nop/1.7.10/slf4j-nop-1.7.10.jar:/Users/geethaganabathula/.m2/repository/com/github/javafaker/javafaker/0.15/javafaker-0.15.jar:/Users/geethaganabathula/.m2/repository/org/yaml/snakeyaml/1.20/snakeyaml-1.20-android.jar:/Users/geethaganabathula/.m2/repository/com/github/mifmif/generex/1.0.2/generex-1.0.2.jar:/Users/geethaganabathula/.m2/repository/dk/brics/automaton/automaton/1.11-8/automaton-1.11-8.jar:/Users/geethaganabathula/.m2/repository/com/browserstack/browserstack-local-java/0.1.0/browserstack-local-java-0.1.0.jar:"/>
    <property name="sun.cpu.endian" value="little"/>
    <property name="user.home" value="/Users/geethaganabathula"/>
    <property name="user.language" value="en"/>
    <property name="java.specification.vendor" value="Oracle Corporation"/>
    <property name="java.version.date" value="2018-04-17"/>
    <property name="java.home" value="/Library/Java/JavaVirtualMachines/jdk-10.0.1.jdk/Contents/Home"/>
    <property name="file.separator" value="/"/>
    <property name="basedir" value="/Users/geethaganabathula/Documents/PBSAutomationTests/pbs-automation-suite/Function"/>
    <property name="java.vm.compressedOopsMode" value="Zero based"/>
    <property name="line.separator" value="&#10;"/>
    <property name="java.specification.name" value="Java Platform API Specification"/>
    <property name="java.vm.specification.vendor" value="Oracle Corporation"/>
    <property name="java.awt.graphicsenv" value="sun.awt.CGraphicsEnvironment"/>
    <property name="javax.net.ssl.trustStore" value="/home/javauser/.m2/cacerts"/>
    <property name="sun.management.compiler" value="HotSpot 64-Bit Tiered Compilers"/>
    <property name="ftp.nonProxyHosts" value="local|*.local|169.254/16|*.169.254/16"/>
    <property name="java.runtime.version" value="10.0.1+10"/>
    <property name="user.name" value="geethaganabathula"/>
    <property name="path.separator" value=":"/>
    <property name="os.version" value="10.14.6"/>
    <property name="java.runtime.name" value="Java(TM) SE Runtime Environment"/>
    <property name="file.encoding" value="UTF-8"/>
    <property name="java.vm.name" value="Java HotSpot(TM) 64-Bit Server VM"/>
    <property name="java.vendor.version" value="18.3"/>
    <property name="localRepository" value="/Users/geethaganabathula/.m2/repository"/>
    <property name="cucumber.options" value="--tags @test12"/>
    <property name="java.vendor.url.bug" value="http://bugreport.java.com/bugreport/"/>
    <property name="java.io.tmpdir" value="/var/folders/zr/ps61xn9n73z1xq620x_92rv00000gn/T/"/>
    <property name="javax.net.ssl.trustStoreType" value="JKS"/>
    <property name="java.version" value="10.0.1"/>
    <property name="user.dir" value="/Users/geethaganabathula/Documents/PBSAutomationTests/pbs-automation-suite/Function"/>
    <property name="os.arch" value="x86_64"/>
    <property name="java.vm.specification.name" value="Java Virtual Machine Specification"/>
    <property name="java.awt.printerjob" value="sun.lwawt.macosx.CPrinterJob"/>
    <property name="sun.os.patch.level" value="unknown"/>
    <property name="java.library.path" value="/Users/geethaganabathula/Library/Java/Extensions:/Library/Java/Extensions:/Network/Library/Java/Extensions:/System/Library/Java/Extensions:/usr/lib/java:."/>
    <property name="java.vendor" value="Oracle Corporation"/>
    <property name="java.vm.info" value="mixed mode"/>
    <property name="java.vm.version" value="10.0.1+10"/>
    <property name="sun.io.unicode.encoding" value="UnicodeBig"/>
    <property name="java.class.version" value="54.0"/>
    <property name="socksNonProxyHosts" value="local|*.local|169.254/16|*.169.254/16"/>
  </properties>
</testsuite>